!SESSION 2016-11-04 11:24:39.372 -----------------------------------------------
eclipse.buildId=unknown
java.version=1.8.0_101
java.vendor=Oracle Corporation
BootLoader constants: OS=linux, ARCH=x86_64, WS=gtk, NL=en_US

!ENTRY org.eclipse.equinox.ds 4 0 2016-11-04 11:24:39.372
!MESSAGE Could not bind a reference of component analytics.api.component. The reference is: Reference[name = analytics.component, interface = org.wso2.carbon.analytics.dataservice.core.AnalyticsDataService, policy = dynamic, cardinality = 0..1, target = null, bind = setAnalyticsDataService, unbind = unsetAnalyticsDataService]

!ENTRY org.eclipse.equinox.ds 4 0 2016-11-04 11:24:39.373
!MESSAGE Could not bind a reference of component analytics.api.component. The reference is: Reference[name = analytics.component, interface = org.wso2.carbon.analytics.dataservice.core.AnalyticsDataService, policy = dynamic, cardinality = 0..1, target = null, bind = setAnalyticsDataService, unbind = unsetAnalyticsDataService]

!ENTRY org.eclipse.equinox.ds 4 0 2016-11-04 11:24:39.374
!MESSAGE Could not bind a reference of component analytics.api.component. The reference is: Reference[name = analytics.secure.component, interface = org.wso2.carbon.analytics.dataservice.core.SecureAnalyticsDataService, policy = dynamic, cardinality = 0..1, target = null, bind = setSecureAnalyticsDataService, unbind = unsetSecureAnalyticsDataService]

!ENTRY org.eclipse.equinox.ds 4 0 2016-11-04 11:24:39.374
!MESSAGE Could not bind a reference of component analytics.api.component. The reference is: Reference[name = analytics.secure.component, interface = org.wso2.carbon.analytics.dataservice.core.SecureAnalyticsDataService, policy = dynamic, cardinality = 0..1, target = null, bind = setSecureAnalyticsDataService, unbind = unsetSecureAnalyticsDataService]

!ENTRY org.eclipse.equinox.ds 4 0 2016-11-04 11:24:40.343
!MESSAGE Could not bind a reference of component org.wso2.carbon.caching.impl.internal.CachingServiceComponent. The reference is: Reference[name = distributedMapProvider, interface = org.wso2.carbon.caching.impl.DistributedMapProvider, policy = dynamic, cardinality = 0..1, target = null, bind = setDistributedMapProvider, unbind = unsetDistributedMapProvider]

!ENTRY org.eclipse.equinox.ds 4 0 2016-11-04 11:24:40.343
!MESSAGE Could not bind a reference of component org.wso2.carbon.caching.impl.internal.CachingServiceComponent. The reference is: Reference[name = distributedMapProvider, interface = org.wso2.carbon.caching.impl.DistributedMapProvider, policy = dynamic, cardinality = 0..1, target = null, bind = setDistributedMapProvider, unbind = unsetDistributedMapProvider]

!ENTRY org.eclipse.equinox.ds 4 0 2016-11-04 11:24:40.692
!MESSAGE Could not bind a reference of component org.wso2.carbon.deployment.synchronizer.subversion. The reference is: Reference[name = carbon.tomcat.service, interface = org.wso2.carbon.tomcat.api.CarbonTomcatService, policy = dynamic, cardinality = 0..1, target = null, bind = setCarbonTomcatService, unbind = unsetCarbonTomcatService]

!ENTRY org.eclipse.equinox.ds 4 0 2016-11-04 11:24:40.692
!MESSAGE Could not bind a reference of component org.wso2.carbon.deployment.synchronizer.subversion. The reference is: Reference[name = carbon.tomcat.service, interface = org.wso2.carbon.tomcat.api.CarbonTomcatService, policy = dynamic, cardinality = 0..1, target = null, bind = setCarbonTomcatService, unbind = unsetCarbonTomcatService]

!ENTRY org.eclipse.equinox.ds 4 0 2016-11-04 11:24:41.162
!MESSAGE Could not bind a reference of component event.input.adapter.service. The reference is: Reference[name = input.event.adapter.tracker.service, interface = org.wso2.carbon.event.input.adapter.core.InputEventAdapterFactory, policy = dynamic, cardinality = 0..n, target = null, bind = setEventAdapterType, unbind = unSetEventAdapterType]

!ENTRY org.eclipse.equinox.ds 4 0 2016-11-04 11:24:41.163
!MESSAGE Could not bind a reference of component event.input.adapter.service. The reference is: Reference[name = input.event.adapter.tracker.service, interface = org.wso2.carbon.event.input.adapter.core.InputEventAdapterFactory, policy = dynamic, cardinality = 0..n, target = null, bind = setEventAdapterType, unbind = unSetEventAdapterType]

!ENTRY org.eclipse.equinox.ds 4 0 2016-11-04 11:24:41.163
!MESSAGE Could not bind a reference of component event.input.adapter.service. The reference is: Reference[name = config.context.service, interface = org.wso2.carbon.utils.ConfigurationContextService, policy = dynamic, cardinality = 0..1, target = null, bind = setConfigurationContextService, unbind = unsetConfigurationContextService]

!ENTRY org.eclipse.equinox.ds 4 0 2016-11-04 11:24:41.163
!MESSAGE Could not bind a reference of component event.input.adapter.service. The reference is: Reference[name = config.context.service, interface = org.wso2.carbon.utils.ConfigurationContextService, policy = dynamic, cardinality = 0..1, target = null, bind = setConfigurationContextService, unbind = unsetConfigurationContextService]

!ENTRY org.eclipse.equinox.ds 4 0 2016-11-04 11:24:41.242
!MESSAGE Could not bind a reference of component input.Kafka.EventAdaptorService.component. The reference is: Reference[name = configurationcontext.service, interface = org.wso2.carbon.utils.ConfigurationContextService, policy = dynamic, cardinality = 0..1, target = null, bind = setConfigurationContextService, unbind = unsetConfigurationContextService]

!ENTRY org.eclipse.equinox.ds 4 0 2016-11-04 11:24:41.242
!MESSAGE Could not bind a reference of component input.Kafka.EventAdaptorService.component. The reference is: Reference[name = configurationcontext.service, interface = org.wso2.carbon.utils.ConfigurationContextService, policy = dynamic, cardinality = 0..1, target = null, bind = setConfigurationContextService, unbind = unsetConfigurationContextService]

!ENTRY org.eclipse.equinox.ds 4 0 2016-11-04 11:24:41.367
!MESSAGE Could not bind a reference of component eventProcessorManagementService.component. The reference is: Reference[name = hazelcast.instance.service, interface = com.hazelcast.core.HazelcastInstance, policy = dynamic, cardinality = 0..1, target = null, bind = setHazelcastInstance, unbind = unsetHazelcastInstance]

!ENTRY org.eclipse.equinox.ds 4 0 2016-11-04 11:24:41.367
!MESSAGE Could not bind a reference of component eventProcessorManagementService.component. The reference is: Reference[name = hazelcast.instance.service, interface = com.hazelcast.core.HazelcastInstance, policy = dynamic, cardinality = 0..1, target = null, bind = setHazelcastInstance, unbind = unsetHazelcastInstance]

!ENTRY org.eclipse.equinox.ds 4 0 2016-11-04 11:24:41.367
!MESSAGE Could not bind a reference of component eventProcessorManagementService.component. The reference is: Reference[name = configuration.contextService.service, interface = org.wso2.carbon.utils.ConfigurationContextService, policy = dynamic, cardinality = 0..1, target = null, bind = setConfigurationContextService, unbind = unsetConfigurationContextService]

!ENTRY org.eclipse.equinox.ds 4 0 2016-11-04 11:24:41.367
!MESSAGE Could not bind a reference of component eventProcessorManagementService.component. The reference is: Reference[name = configuration.contextService.service, interface = org.wso2.carbon.utils.ConfigurationContextService, policy = dynamic, cardinality = 0..1, target = null, bind = setConfigurationContextService, unbind = unsetConfigurationContextService]

!ENTRY org.eclipse.equinox.ds 4 0 2016-11-04 11:24:41.437
!MESSAGE Could not bind a reference of component eventStreamService.component. The reference is: Reference[name = config.context.service, interface = org.wso2.carbon.utils.ConfigurationContextService, policy = dynamic, cardinality = 0..1, target = null, bind = setConfigurationContextService, unbind = unsetConfigurationContextService]

!ENTRY org.eclipse.equinox.ds 4 0 2016-11-04 11:24:41.437
!MESSAGE Could not bind a reference of component eventStreamService.component. The reference is: Reference[name = config.context.service, interface = org.wso2.carbon.utils.ConfigurationContextService, policy = dynamic, cardinality = 0..1, target = null, bind = setConfigurationContextService, unbind = unsetConfigurationContextService]

!ENTRY org.eclipse.equinox.ds 4 0 2016-11-04 11:24:41.438
!MESSAGE Could not bind a reference of component eventStreamService.component. The reference is: Reference[name = eventStreamListener.service, interface = org.wso2.carbon.event.stream.core.EventStreamListener, policy = dynamic, cardinality = 0..n, target = null, bind = setEventStreamListener, unbind = unsetEventStreamListener]

!ENTRY org.eclipse.equinox.ds 4 0 2016-11-04 11:24:41.438
!MESSAGE Could not bind a reference of component eventStreamService.component. The reference is: Reference[name = eventStreamListener.service, interface = org.wso2.carbon.event.stream.core.EventStreamListener, policy = dynamic, cardinality = 0..n, target = null, bind = setEventStreamListener, unbind = unsetEventStreamListener]

!ENTRY org.eclipse.equinox.ds 4 0 2016-11-04 11:24:41.706
!MESSAGE Could not bind a reference of component event.output.adapter.service. The reference is: Reference[name = config.context.service, interface = org.wso2.carbon.utils.ConfigurationContextService, policy = dynamic, cardinality = 0..1, target = null, bind = setConfigurationContextService, unbind = unsetConfigurationContextService]

!ENTRY org.eclipse.equinox.ds 4 0 2016-11-04 11:24:41.706
!MESSAGE Could not bind a reference of component event.output.adapter.service. The reference is: Reference[name = config.context.service, interface = org.wso2.carbon.utils.ConfigurationContextService, policy = dynamic, cardinality = 0..1, target = null, bind = setConfigurationContextService, unbind = unsetConfigurationContextService]

!ENTRY org.eclipse.equinox.ds 4 0 2016-11-04 11:24:41.754
!MESSAGE Could not bind a reference of component org.wso2.carbon.ndatasource. The reference is: Reference[name = registry.service, interface = org.wso2.carbon.registry.core.service.RegistryService, policy = dynamic, cardinality = 0..1, target = null, bind = setRegistryService, unbind = unsetRegistryService]

!ENTRY org.eclipse.equinox.ds 4 0 2016-11-04 11:24:41.755
!MESSAGE Could not bind a reference of component org.wso2.carbon.ndatasource. The reference is: Reference[name = registry.service, interface = org.wso2.carbon.registry.core.service.RegistryService, policy = dynamic, cardinality = 0..1, target = null, bind = setRegistryService, unbind = unsetRegistryService]

!ENTRY org.eclipse.equinox.ds 4 0 2016-11-04 11:24:42.135
!MESSAGE Could not bind a reference of component org.wso2.carbon.ndatasource. The reference is: Reference[name = user.realmservice.default, interface = org.wso2.carbon.user.core.service.RealmService, policy = dynamic, cardinality = 0..1, target = null, bind = setRealmService, unbind = unsetRealmService]

!ENTRY org.eclipse.equinox.ds 4 0 2016-11-04 11:24:42.135
!MESSAGE Could not bind a reference of component org.wso2.carbon.ndatasource. The reference is: Reference[name = user.realmservice.default, interface = org.wso2.carbon.user.core.service.RealmService, policy = dynamic, cardinality = 0..1, target = null, bind = setRealmService, unbind = unsetRealmService]

!ENTRY org.eclipse.equinox.ds 4 0 2016-11-04 11:24:42.135
!MESSAGE Could not bind a reference of component org.wso2.carbon.ndatasource. The reference is: Reference[name = config.context.service, interface = org.wso2.carbon.utils.ConfigurationContextService, policy = dynamic, cardinality = 0..1, target = null, bind = setConfigurationContextService, unbind = unsetConfigurationContextService]

!ENTRY org.eclipse.equinox.ds 4 0 2016-11-04 11:24:42.135
!MESSAGE Could not bind a reference of component org.wso2.carbon.ndatasource. The reference is: Reference[name = config.context.service, interface = org.wso2.carbon.utils.ConfigurationContextService, policy = dynamic, cardinality = 0..1, target = null, bind = setConfigurationContextService, unbind = unsetConfigurationContextService]

!ENTRY org.eclipse.equinox.ds 4 0 2016-11-04 11:24:42.168
!MESSAGE Could not bind a reference of component org.wso2.carbon.redirector.servlet.activation. The reference is: Reference[name = activation.service, interface = org.wso2.carbon.activation.service.ActivationService, policy = dynamic, cardinality = 0..1, target = null, bind = setActivationService, unbind = unsetActivationService]

!ENTRY org.eclipse.equinox.ds 4 0 2016-11-04 11:24:42.168
!MESSAGE Could not bind a reference of component org.wso2.carbon.redirector.servlet.activation. The reference is: Reference[name = activation.service, interface = org.wso2.carbon.activation.service.ActivationService, policy = dynamic, cardinality = 0..1, target = null, bind = setActivationService, unbind = unsetActivationService]

!ENTRY org.eclipse.equinox.ds 4 0 2016-11-04 11:24:42.172
!MESSAGE [SCR] Exception while activating instance org.wso2.carbon.redirector.servlet.internal.RedirectorServletActivationServiceComponent@a53a3c3 of component org.wso2.carbon.redirector.servlet.activation  
!STACK 0
java.lang.NoClassDefFoundError: org/wso2/carbon/activation/service/ActivationService
	at java.lang.Class.getDeclaredMethods0(Native Method)
	at java.lang.Class.privateGetDeclaredMethods(Class.java:2701)
	at java.lang.Class.getDeclaredMethod(Class.java:2128)
	at org.eclipse.equinox.internal.ds.model.ServiceComponent.getMethod(ServiceComponent.java:156)
	at org.eclipse.equinox.internal.ds.model.ServiceComponent.activate(ServiceComponent.java:253)
	at org.eclipse.equinox.internal.ds.model.ServiceComponentProp.activate(ServiceComponentProp.java:146)
	at org.eclipse.equinox.internal.ds.model.ServiceComponentProp.build(ServiceComponentProp.java:345)
	at org.eclipse.equinox.internal.ds.InstanceProcess.buildComponent(InstanceProcess.java:620)
	at org.eclipse.equinox.internal.ds.InstanceProcess.buildComponents(InstanceProcess.java:197)
	at org.eclipse.equinox.internal.ds.Resolver.buildNewlySatisfied(Resolver.java:473)
	at org.eclipse.equinox.internal.ds.Resolver.enableComponents(Resolver.java:217)
	at org.eclipse.equinox.internal.ds.SCRManager.performWork(SCRManager.java:816)
	at org.eclipse.equinox.internal.ds.SCRManager$QueuedJob.dispatch(SCRManager.java:783)
	at org.eclipse.equinox.internal.ds.WorkThread.run(WorkThread.java:89)
	at java.lang.Thread.run(Thread.java:745)
Caused by: java.lang.ClassNotFoundException: org.wso2.carbon.activation.service.ActivationService cannot be found by org.wso2.carbon.tenant.redirector.servlet_4.6.0
	at org.eclipse.osgi.internal.loader.BundleLoader.findClassInternal(BundleLoader.java:501)
	at org.eclipse.osgi.internal.loader.BundleLoader.findClass(BundleLoader.java:421)
	at org.eclipse.osgi.internal.loader.BundleLoader.findClass(BundleLoader.java:412)
	at org.eclipse.osgi.internal.baseadaptor.DefaultClassLoader.loadClass(DefaultClassLoader.java:107)
	at java.lang.ClassLoader.loadClass(ClassLoader.java:357)
	... 15 more

!ENTRY org.eclipse.equinox.ds 4 0 2016-11-04 11:24:42.198
!MESSAGE [SCR] Exception while activating instance org.wso2.carbon.redirector.servlet.internal.RedirectorServletActivationServiceComponent@a53a3c3 of component org.wso2.carbon.redirector.servlet.activation  
!STACK 0
java.lang.NoClassDefFoundError: org/wso2/carbon/activation/service/ActivationService
	at java.lang.Class.getDeclaredMethods0(Native Method)
	at java.lang.Class.privateGetDeclaredMethods(Class.java:2701)
	at java.lang.Class.getDeclaredMethod(Class.java:2128)
	at org.eclipse.equinox.internal.ds.model.ServiceComponent.getMethod(ServiceComponent.java:156)
	at org.eclipse.equinox.internal.ds.model.ServiceComponent.activate(ServiceComponent.java:253)
	at org.eclipse.equinox.internal.ds.model.ServiceComponentProp.activate(ServiceComponentProp.java:146)
	at org.eclipse.equinox.internal.ds.model.ServiceComponentProp.build(ServiceComponentProp.java:345)
	at org.eclipse.equinox.internal.ds.InstanceProcess.buildComponent(InstanceProcess.java:620)
	at org.eclipse.equinox.internal.ds.InstanceProcess.buildComponents(InstanceProcess.java:197)
	at org.eclipse.equinox.internal.ds.Resolver.buildNewlySatisfied(Resolver.java:473)
	at org.eclipse.equinox.internal.ds.Resolver.enableComponents(Resolver.java:217)
	at org.eclipse.equinox.internal.ds.SCRManager.performWork(SCRManager.java:816)
	at org.eclipse.equinox.internal.ds.SCRManager$QueuedJob.dispatch(SCRManager.java:783)
	at org.eclipse.equinox.internal.ds.WorkThread.run(WorkThread.java:89)
	at java.lang.Thread.run(Thread.java:745)
Caused by: java.lang.ClassNotFoundException: org.wso2.carbon.activation.service.ActivationService cannot be found by org.wso2.carbon.tenant.redirector.servlet_4.6.0
	at org.eclipse.osgi.internal.loader.BundleLoader.findClassInternal(BundleLoader.java:501)
	at org.eclipse.osgi.internal.loader.BundleLoader.findClass(BundleLoader.java:421)
	at org.eclipse.osgi.internal.loader.BundleLoader.findClass(BundleLoader.java:412)
	at org.eclipse.osgi.internal.baseadaptor.DefaultClassLoader.loadClass(DefaultClassLoader.java:107)
	at java.lang.ClassLoader.loadClass(ClassLoader.java:357)
	... 15 more

!ENTRY org.eclipse.equinox.ds 4 0 2016-11-04 11:24:42.202
!MESSAGE Could not bind a reference of component org.wso2.carbon.redirector.servlet.activation. The reference is: Reference[name = activation.service, interface = org.wso2.carbon.activation.service.ActivationService, policy = dynamic, cardinality = 0..1, target = null, bind = setActivationService, unbind = unsetActivationService]

!ENTRY org.eclipse.equinox.ds 4 0 2016-11-04 11:24:42.202
!MESSAGE Could not bind a reference of component org.wso2.carbon.redirector.servlet.activation. The reference is: Reference[name = activation.service, interface = org.wso2.carbon.activation.service.ActivationService, policy = dynamic, cardinality = 0..1, target = null, bind = setActivationService, unbind = unsetActivationService]

!ENTRY org.eclipse.equinox.ds 4 0 2016-11-04 11:24:42.462
!MESSAGE Could not bind a reference of component org.wso2.carbon.tomcat.internal.CarbonTomcatServiceComponent. The reference is: Reference[name = sci, interface = javax.servlet.ServletContainerInitializer, policy = dynamic, cardinality = 0..n, target = null, bind = setServletContainerInitializer, unbind = unsetServletContainerInitializer]

!ENTRY org.eclipse.equinox.ds 4 0 2016-11-04 11:24:42.462
!MESSAGE Could not bind a reference of component org.wso2.carbon.tomcat.internal.CarbonTomcatServiceComponent. The reference is: Reference[name = sci, interface = javax.servlet.ServletContainerInitializer, policy = dynamic, cardinality = 0..n, target = null, bind = setServletContainerInitializer, unbind = unsetServletContainerInitializer]

!ENTRY org.eclipse.equinox.ds 4 0 2016-11-04 11:24:46.260
!MESSAGE Could not bind a reference of component databridge.component. The reference is: Reference[name = config.context.service, interface = org.wso2.carbon.utils.ConfigurationContextService, policy = dynamic, cardinality = 0..1, target = null, bind = setConfigurationContextService, unbind = unsetConfigurationContextService]

!ENTRY org.eclipse.equinox.ds 4 0 2016-11-04 11:24:46.260
!MESSAGE Could not bind a reference of component databridge.component. The reference is: Reference[name = config.context.service, interface = org.wso2.carbon.utils.ConfigurationContextService, policy = dynamic, cardinality = 0..1, target = null, bind = setConfigurationContextService, unbind = unsetConfigurationContextService]

!ENTRY org.eclipse.equinox.ds 4 0 2016-11-04 11:24:46.904
!MESSAGE Could not bind a reference of component org.wso2.carbon.identity.user.store.configuration.component. The reference is: Reference[name = user.store.config.event.listener.service, interface = org.wso2.carbon.identity.user.store.configuration.listener.UserStoreConfigListener, policy = dynamic, cardinality = 0..n, target = null, bind = setUserStoreConfigListenerService, unbind = unsetIdentityProviderMgtListerService]

!ENTRY org.eclipse.equinox.ds 4 0 2016-11-04 11:24:46.904
!MESSAGE Could not bind a reference of component org.wso2.carbon.identity.user.store.configuration.component. The reference is: Reference[name = user.store.config.event.listener.service, interface = org.wso2.carbon.identity.user.store.configuration.listener.UserStoreConfigListener, policy = dynamic, cardinality = 0..n, target = null, bind = setUserStoreConfigListenerService, unbind = unsetIdentityProviderMgtListerService]

!ENTRY org.eclipse.equinox.ds 4 0 2016-11-04 11:24:46.906
!MESSAGE Could not bind a reference of component identity.user.store.count.component. The reference is: Reference[name = user.store.count, interface = org.wso2.carbon.identity.user.store.count.AbstractCountRetrieverFactory, policy = dynamic, cardinality = 0..n, target = null, bind = setCountRetrieverFactory, unbind = unsetCountRetrieverFactory]

!ENTRY org.eclipse.equinox.ds 4 0 2016-11-04 11:24:46.906
!MESSAGE Could not bind a reference of component identity.user.store.count.component. The reference is: Reference[name = user.store.count, interface = org.wso2.carbon.identity.user.store.count.AbstractCountRetrieverFactory, policy = dynamic, cardinality = 0..n, target = null, bind = setCountRetrieverFactory, unbind = unsetCountRetrieverFactory]

!ENTRY org.eclipse.equinox.ds 4 0 2016-11-04 11:24:46.924
!MESSAGE Could not bind a reference of component registry.core.dscomponent. The reference is: Reference[name = statistics.collector, interface = org.wso2.carbon.registry.core.statistics.StatisticsCollector, policy = dynamic, cardinality = 0..n, target = null, bind = setStatisticsCollector, unbind = unsetStatisticsCollector]

!ENTRY org.eclipse.equinox.ds 4 0 2016-11-04 11:24:46.924
!MESSAGE Could not bind a reference of component registry.core.dscomponent. The reference is: Reference[name = statistics.collector, interface = org.wso2.carbon.registry.core.statistics.StatisticsCollector, policy = dynamic, cardinality = 0..n, target = null, bind = setStatisticsCollector, unbind = unsetStatisticsCollector]

!ENTRY org.eclipse.equinox.ds 4 0 2016-11-04 11:24:46.924
!MESSAGE Could not bind a reference of component registry.core.dscomponent. The reference is: Reference[name = CacheInvalidator, interface = org.wso2.carbon.caching.impl.CacheInvalidator, policy = dynamic, cardinality = 0..n, target = null, bind = setCacheInvalidatorService, unbind = unSetCacheInvalidatorService]

!ENTRY org.eclipse.equinox.ds 4 0 2016-11-04 11:24:46.924
!MESSAGE Could not bind a reference of component registry.core.dscomponent. The reference is: Reference[name = CacheInvalidator, interface = org.wso2.carbon.caching.impl.CacheInvalidator, policy = dynamic, cardinality = 0..n, target = null, bind = setCacheInvalidatorService, unbind = unSetCacheInvalidatorService]

!ENTRY org.eclipse.equinox.ds 4 0 2016-11-04 11:24:47.279
!MESSAGE Could not bind a reference of component eventProcessorService.component. The reference is: Reference[name = hazelcast.instance.service, interface = com.hazelcast.core.HazelcastInstance, policy = dynamic, cardinality = 0..1, target = null, bind = setHazelcastInstance, unbind = unsetHazelcastInstance]

!ENTRY org.eclipse.equinox.ds 4 0 2016-11-04 11:24:47.279
!MESSAGE Could not bind a reference of component eventProcessorService.component. The reference is: Reference[name = hazelcast.instance.service, interface = com.hazelcast.core.HazelcastInstance, policy = dynamic, cardinality = 0..1, target = null, bind = setHazelcastInstance, unbind = unsetHazelcastInstance]

!ENTRY org.eclipse.equinox.ds 4 0 2016-11-04 11:24:47.279
!MESSAGE Could not bind a reference of component eventProcessorService.component. The reference is: Reference[name = configuration.context, interface = org.wso2.carbon.utils.ConfigurationContextService, policy = dynamic, cardinality = 0..1, target = null, bind = setConfigurationContext, unbind = unsetConfigurationContext]

!ENTRY org.eclipse.equinox.ds 4 0 2016-11-04 11:24:47.280
!MESSAGE Could not bind a reference of component eventProcessorService.component. The reference is: Reference[name = configuration.context, interface = org.wso2.carbon.utils.ConfigurationContextService, policy = dynamic, cardinality = 0..1, target = null, bind = setConfigurationContext, unbind = unsetConfigurationContext]

!ENTRY org.eclipse.equinox.ds 4 0 2016-11-04 11:24:52.066
!MESSAGE Could not bind a reference of component eventPublisherService.component. The reference is: Reference[name = config.context.service, interface = org.wso2.carbon.utils.ConfigurationContextService, policy = dynamic, cardinality = 0..1, target = null, bind = setConfigurationContextService, unbind = unsetConfigurationContextService]

!ENTRY org.eclipse.equinox.ds 4 0 2016-11-04 11:24:52.066
!MESSAGE Could not bind a reference of component eventPublisherService.component. The reference is: Reference[name = config.context.service, interface = org.wso2.carbon.utils.ConfigurationContextService, policy = dynamic, cardinality = 0..1, target = null, bind = setConfigurationContextService, unbind = unsetConfigurationContextService]

!ENTRY org.eclipse.equinox.ds 4 0 2016-11-04 11:24:52.121
!MESSAGE Could not bind a reference of component eventReceiverService.component. The reference is: Reference[name = config.context.service, interface = org.wso2.carbon.utils.ConfigurationContextService, policy = dynamic, cardinality = 0..1, target = null, bind = setConfigurationContextService, unbind = unsetConfigurationContextService]

!ENTRY org.eclipse.equinox.ds 4 0 2016-11-04 11:24:52.121
!MESSAGE Could not bind a reference of component eventReceiverService.component. The reference is: Reference[name = config.context.service, interface = org.wso2.carbon.utils.ConfigurationContextService, policy = dynamic, cardinality = 0..1, target = null, bind = setConfigurationContextService, unbind = unsetConfigurationContextService]

!ENTRY org.eclipse.equinox.ds 4 0 2016-11-04 11:24:56.021
!MESSAGE Could not bind a reference of component org.wso2.carbon.registry.server. The reference is: Reference[name = config.context.service, interface = org.wso2.carbon.utils.ConfigurationContextService, policy = dynamic, cardinality = 0..1, target = null, bind = setConfigurationContextService, unbind = unsetConfigurationContextService]

!ENTRY org.eclipse.equinox.ds 4 0 2016-11-04 11:24:56.021
!MESSAGE Could not bind a reference of component org.wso2.carbon.registry.server. The reference is: Reference[name = config.context.service, interface = org.wso2.carbon.utils.ConfigurationContextService, policy = dynamic, cardinality = 0..1, target = null, bind = setConfigurationContextService, unbind = unsetConfigurationContextService]

!ENTRY org.eclipse.equinox.ds 4 0 2016-11-04 11:24:56.262
!MESSAGE Could not bind a reference of component org.wso2.carbon.user.core.listener. The reference is: Reference[name = authorization.manager.listener.service, interface = org.wso2.carbon.user.core.listener.AuthorizationManagerListener, policy = dynamic, cardinality = 0..n, target = null, bind = setAuthorizationManagerListenerService, unbind = unsetAuthorizationManagerListenerService]

!ENTRY org.eclipse.equinox.ds 4 0 2016-11-04 11:24:56.262
!MESSAGE Could not bind a reference of component org.wso2.carbon.user.core.listener. The reference is: Reference[name = authorization.manager.listener.service, interface = org.wso2.carbon.user.core.listener.AuthorizationManagerListener, policy = dynamic, cardinality = 0..n, target = null, bind = setAuthorizationManagerListenerService, unbind = unsetAuthorizationManagerListenerService]

!ENTRY org.eclipse.equinox.ds 4 0 2016-11-04 11:24:56.263
!MESSAGE Could not bind a reference of component org.wso2.carbon.user.core.listener. The reference is: Reference[name = user.store.manager.listener.service, interface = org.wso2.carbon.user.core.listener.UserStoreManagerListener, policy = dynamic, cardinality = 0..n, target = null, bind = setUserStoreManagerListenerService, unbind = unsetUserStoreManagerListenerService]

!ENTRY org.eclipse.equinox.ds 4 0 2016-11-04 11:24:56.263
!MESSAGE Could not bind a reference of component org.wso2.carbon.user.core.listener. The reference is: Reference[name = user.store.manager.listener.service, interface = org.wso2.carbon.user.core.listener.UserStoreManagerListener, policy = dynamic, cardinality = 0..n, target = null, bind = setUserStoreManagerListenerService, unbind = unsetUserStoreManagerListenerService]

!ENTRY org.eclipse.equinox.ds 4 0 2016-11-04 11:24:56.263
!MESSAGE Could not bind a reference of component org.wso2.carbon.user.core.listener. The reference is: Reference[name = user.operation.event.listener.service, interface = org.wso2.carbon.user.core.listener.UserOperationEventListener, policy = dynamic, cardinality = 0..n, target = null, bind = setUserOperationEventListenerService, unbind = unsetUserOperationEventListenerService]

!ENTRY org.eclipse.equinox.ds 4 0 2016-11-04 11:24:56.263
!MESSAGE Could not bind a reference of component org.wso2.carbon.user.core.listener. The reference is: Reference[name = user.operation.event.listener.service, interface = org.wso2.carbon.user.core.listener.UserOperationEventListener, policy = dynamic, cardinality = 0..n, target = null, bind = setUserOperationEventListenerService, unbind = unsetUserOperationEventListenerService]

!ENTRY org.eclipse.equinox.ds 4 0 2016-11-04 11:24:56.263
!MESSAGE Could not bind a reference of component org.wso2.carbon.user.core.listener. The reference is: Reference[name = claim.manager.listener.service, interface = org.wso2.carbon.user.core.listener.ClaimManagerListener, policy = dynamic, cardinality = 0..n, target = null, bind = setClaimManagerListenerService, unbind = unsetClaimManagerListenerService]

!ENTRY org.eclipse.equinox.ds 4 0 2016-11-04 11:24:56.263
!MESSAGE Could not bind a reference of component org.wso2.carbon.user.core.listener. The reference is: Reference[name = claim.manager.listener.service, interface = org.wso2.carbon.user.core.listener.ClaimManagerListener, policy = dynamic, cardinality = 0..n, target = null, bind = setClaimManagerListenerService, unbind = unsetClaimManagerListenerService]

!ENTRY org.eclipse.equinox.ds 4 0 2016-11-04 11:24:56.263
!MESSAGE Could not bind a reference of component org.wso2.carbon.user.core.listener. The reference is: Reference[name = ldap.tenant.manager.listener.service, interface = org.wso2.carbon.user.core.tenant.LDAPTenantManager, policy = dynamic, cardinality = 0..n, target = null, bind = addLDAPTenantManager, unbind = removeLDAPTenantManager]

!ENTRY org.eclipse.equinox.ds 4 0 2016-11-04 11:24:56.263
!MESSAGE Could not bind a reference of component org.wso2.carbon.user.core.listener. The reference is: Reference[name = ldap.tenant.manager.listener.service, interface = org.wso2.carbon.user.core.tenant.LDAPTenantManager, policy = dynamic, cardinality = 0..n, target = null, bind = addLDAPTenantManager, unbind = removeLDAPTenantManager]

!ENTRY org.eclipse.equinox.ds 4 0 2016-11-04 11:24:56.267
!MESSAGE Could not bind a reference of component user.store.mgt.dscomponent. The reference is: Reference[name = claim.mgt.component, interface = org.wso2.carbon.user.core.claim.ClaimManagerFactory, policy = dynamic, cardinality = 0..1, target = null, bind = setClaimManagerFactory, unbind = unsetClaimManagerFactory]

!ENTRY org.eclipse.equinox.ds 4 0 2016-11-04 11:24:56.267
!MESSAGE Could not bind a reference of component user.store.mgt.dscomponent. The reference is: Reference[name = claim.mgt.component, interface = org.wso2.carbon.user.core.claim.ClaimManagerFactory, policy = dynamic, cardinality = 0..1, target = null, bind = setClaimManagerFactory, unbind = unsetClaimManagerFactory]

!ENTRY org.eclipse.equinox.ds 4 0 2016-11-04 11:24:56.551
!MESSAGE Could not bind a reference of component org.wso2.carbon.context.internal.CarbonContextDiscoveryServiceComponent. The reference is: Reference[name = discoveryService, interface = org.wso2.carbon.base.DiscoveryService, policy = dynamic, cardinality = 0..1, target = null, bind = setDiscoveryService, unbind = unsetDiscoveryService]

!ENTRY org.eclipse.equinox.ds 4 0 2016-11-04 11:24:56.551
!MESSAGE Could not bind a reference of component org.wso2.carbon.context.internal.CarbonContextDiscoveryServiceComponent. The reference is: Reference[name = discoveryService, interface = org.wso2.carbon.base.DiscoveryService, policy = dynamic, cardinality = 0..1, target = null, bind = setDiscoveryService, unbind = unsetDiscoveryService]

!ENTRY org.eclipse.equinox.ds 4 0 2016-11-04 11:24:56.575
!MESSAGE Could not bind a reference of component org.wso2.carbon.webapp.mgt.internal.UrlMapperServiceComponent. The reference is: Reference[name = url.mapper.service, interface = org.wso2.carbon.url.mapper.HotUpdateService, policy = dynamic, cardinality = 0..1, target = null, bind = setHotUpdateService, unbind = unsetHotUpdateService]

!ENTRY org.eclipse.equinox.ds 4 0 2016-11-04 11:24:56.575
!MESSAGE Could not bind a reference of component org.wso2.carbon.webapp.mgt.internal.UrlMapperServiceComponent. The reference is: Reference[name = url.mapper.service, interface = org.wso2.carbon.url.mapper.HotUpdateService, policy = dynamic, cardinality = 0..1, target = null, bind = setHotUpdateService, unbind = unsetHotUpdateService]

!ENTRY org.eclipse.equinox.ds 4 0 2016-11-04 11:24:56.576
!MESSAGE [SCR] Exception while activating instance org.wso2.carbon.webapp.mgt.internal.UrlMapperServiceComponent@20f96952 of component org.wso2.carbon.webapp.mgt.internal.UrlMapperServiceComponent  
!STACK 0
java.lang.NoClassDefFoundError: org/wso2/carbon/url/mapper/HotUpdateService
	at java.lang.Class.getDeclaredMethods0(Native Method)
	at java.lang.Class.privateGetDeclaredMethods(Class.java:2701)
	at java.lang.Class.getDeclaredMethod(Class.java:2128)
	at org.eclipse.equinox.internal.ds.model.ServiceComponent.getMethod(ServiceComponent.java:156)
	at org.eclipse.equinox.internal.ds.model.ServiceComponent.activate(ServiceComponent.java:253)
	at org.eclipse.equinox.internal.ds.model.ServiceComponentProp.activate(ServiceComponentProp.java:146)
	at org.eclipse.equinox.internal.ds.model.ServiceComponentProp.build(ServiceComponentProp.java:345)
	at org.eclipse.equinox.internal.ds.InstanceProcess.buildComponent(InstanceProcess.java:620)
	at org.eclipse.equinox.internal.ds.InstanceProcess.buildComponents(InstanceProcess.java:197)
	at org.eclipse.equinox.internal.ds.Resolver.buildNewlySatisfied(Resolver.java:473)
	at org.eclipse.equinox.internal.ds.Resolver.enableComponents(Resolver.java:217)
	at org.eclipse.equinox.internal.ds.SCRManager.performWork(SCRManager.java:816)
	at org.eclipse.equinox.internal.ds.SCRManager$QueuedJob.dispatch(SCRManager.java:783)
	at org.eclipse.equinox.internal.ds.WorkThread.run(WorkThread.java:89)
	at org.eclipse.equinox.internal.util.impl.tpt.threadpool.Executor.run(Executor.java:70)
Caused by: java.lang.ClassNotFoundException: org.wso2.carbon.url.mapper.HotUpdateService cannot be found by org.wso2.carbon.webapp.mgt_4.7.0
	at org.eclipse.osgi.internal.loader.BundleLoader.findClassInternal(BundleLoader.java:501)
	at org.eclipse.osgi.internal.loader.BundleLoader.findClass(BundleLoader.java:421)
	at org.eclipse.osgi.internal.loader.BundleLoader.findClass(BundleLoader.java:412)
	at org.eclipse.osgi.internal.baseadaptor.DefaultClassLoader.loadClass(DefaultClassLoader.java:107)
	at java.lang.ClassLoader.loadClass(ClassLoader.java:357)
	... 15 more

!ENTRY org.eclipse.equinox.ds 4 0 2016-11-04 11:24:56.576
!MESSAGE [SCR] Exception while activating instance org.wso2.carbon.webapp.mgt.internal.UrlMapperServiceComponent@20f96952 of component org.wso2.carbon.webapp.mgt.internal.UrlMapperServiceComponent  
!STACK 0
java.lang.NoClassDefFoundError: org/wso2/carbon/url/mapper/HotUpdateService
	at java.lang.Class.getDeclaredMethods0(Native Method)
	at java.lang.Class.privateGetDeclaredMethods(Class.java:2701)
	at java.lang.Class.getDeclaredMethod(Class.java:2128)
	at org.eclipse.equinox.internal.ds.model.ServiceComponent.getMethod(ServiceComponent.java:156)
	at org.eclipse.equinox.internal.ds.model.ServiceComponent.activate(ServiceComponent.java:253)
	at org.eclipse.equinox.internal.ds.model.ServiceComponentProp.activate(ServiceComponentProp.java:146)
	at org.eclipse.equinox.internal.ds.model.ServiceComponentProp.build(ServiceComponentProp.java:345)
	at org.eclipse.equinox.internal.ds.InstanceProcess.buildComponent(InstanceProcess.java:620)
	at org.eclipse.equinox.internal.ds.InstanceProcess.buildComponents(InstanceProcess.java:197)
	at org.eclipse.equinox.internal.ds.Resolver.buildNewlySatisfied(Resolver.java:473)
	at org.eclipse.equinox.internal.ds.Resolver.enableComponents(Resolver.java:217)
	at org.eclipse.equinox.internal.ds.SCRManager.performWork(SCRManager.java:816)
	at org.eclipse.equinox.internal.ds.SCRManager$QueuedJob.dispatch(SCRManager.java:783)
	at org.eclipse.equinox.internal.ds.WorkThread.run(WorkThread.java:89)
	at org.eclipse.equinox.internal.util.impl.tpt.threadpool.Executor.run(Executor.java:70)
Caused by: java.lang.ClassNotFoundException: org.wso2.carbon.url.mapper.HotUpdateService cannot be found by org.wso2.carbon.webapp.mgt_4.7.0
	at org.eclipse.osgi.internal.loader.BundleLoader.findClassInternal(BundleLoader.java:501)
	at org.eclipse.osgi.internal.loader.BundleLoader.findClass(BundleLoader.java:421)
	at org.eclipse.osgi.internal.loader.BundleLoader.findClass(BundleLoader.java:412)
	at org.eclipse.osgi.internal.baseadaptor.DefaultClassLoader.loadClass(DefaultClassLoader.java:107)
	at java.lang.ClassLoader.loadClass(ClassLoader.java:357)
	... 15 more

!ENTRY org.eclipse.equinox.ds 4 0 2016-11-04 11:25:06.132
!MESSAGE Could not bind a reference of component carbon.core.dscomponent. The reference is: Reference[name = serverShutdownHandler, interface = org.wso2.carbon.core.ServerShutdownHandler, policy = dynamic, cardinality = 0..n, target = null, bind = addServerShutdownHandler, unbind = removeServerShutdownHandler]

!ENTRY org.eclipse.equinox.ds 4 0 2016-11-04 11:25:06.132
!MESSAGE Could not bind a reference of component carbon.core.dscomponent. The reference is: Reference[name = serverShutdownHandler, interface = org.wso2.carbon.core.ServerShutdownHandler, policy = dynamic, cardinality = 0..n, target = null, bind = addServerShutdownHandler, unbind = removeServerShutdownHandler]

!ENTRY org.eclipse.equinox.ds 4 0 2016-11-04 11:25:06.132
!MESSAGE Could not bind a reference of component carbon.core.dscomponent. The reference is: Reference[name = serverRestartHandler, interface = org.wso2.carbon.core.ServerRestartHandler, policy = dynamic, cardinality = 0..n, target = null, bind = addServerRestartHandler, unbind = removeServerRestartHandler]

!ENTRY org.eclipse.equinox.ds 4 0 2016-11-04 11:25:06.132
!MESSAGE Could not bind a reference of component carbon.core.dscomponent. The reference is: Reference[name = serverRestartHandler, interface = org.wso2.carbon.core.ServerRestartHandler, policy = dynamic, cardinality = 0..n, target = null, bind = addServerRestartHandler, unbind = removeServerRestartHandler]

!ENTRY org.eclipse.equinox.ds 4 0 2016-11-04 11:25:06.132
!MESSAGE Could not bind a reference of component carbon.core.dscomponent. The reference is: Reference[name = serverStartupHandler, interface = org.wso2.carbon.core.ServerStartupHandler, policy = dynamic, cardinality = 0..n, target = null, bind = addServerStartupHandler, unbind = removeServerStartupHandler]

!ENTRY org.eclipse.equinox.ds 4 0 2016-11-04 11:25:06.132
!MESSAGE Could not bind a reference of component carbon.core.dscomponent. The reference is: Reference[name = serverStartupHandler, interface = org.wso2.carbon.core.ServerStartupHandler, policy = dynamic, cardinality = 0..n, target = null, bind = addServerStartupHandler, unbind = removeServerStartupHandler]

!ENTRY org.eclipse.equinox.ds 4 0 2016-11-04 11:25:06.133
!MESSAGE Could not bind a reference of component carbon.core.dscomponent. The reference is: Reference[name = coordinatedActivity, interface = org.wso2.carbon.core.clustering.api.CoordinatedActivity, policy = dynamic, cardinality = 0..n, target = null, bind = addCoordinatedActivity, unbind = removeCoordinatedActivity]

!ENTRY org.eclipse.equinox.ds 4 0 2016-11-04 11:25:06.133
!MESSAGE Could not bind a reference of component carbon.core.dscomponent. The reference is: Reference[name = coordinatedActivity, interface = org.wso2.carbon.core.clustering.api.CoordinatedActivity, policy = dynamic, cardinality = 0..n, target = null, bind = addCoordinatedActivity, unbind = removeCoordinatedActivity]

!ENTRY org.eclipse.equinox.ds 4 0 2016-11-04 11:25:21.464
!MESSAGE Could not bind a reference of component analytics.component. The reference is: Reference[name = analytics.aggregates, interface = org.wso2.carbon.analytics.dataservice.core.indexing.aggregates.AggregateFunction, policy = dynamic, cardinality = 0..n, target = null, bind = addAggregateFunction, unbind = removeAggregateFunctions]

!ENTRY org.eclipse.equinox.ds 4 0 2016-11-04 11:25:21.464
!MESSAGE Could not bind a reference of component analytics.component. The reference is: Reference[name = analytics.aggregates, interface = org.wso2.carbon.analytics.dataservice.core.indexing.aggregates.AggregateFunction, policy = dynamic, cardinality = 0..n, target = null, bind = addAggregateFunction, unbind = removeAggregateFunctions]

!ENTRY org.eclipse.equinox.ds 4 0 2016-11-04 11:25:25.445
!MESSAGE Could not bind a reference of component analytics.core. The reference is: Reference[name = carbon.udf, interface = org.wso2.carbon.analytics.spark.core.udf.CarbonUDF, policy = dynamic, cardinality = 0..n, target = null, bind = addCarbonUDF, unbind = removeCarbonUDFs]

!ENTRY org.eclipse.equinox.ds 4 0 2016-11-04 11:25:25.445
!MESSAGE Could not bind a reference of component analytics.core. The reference is: Reference[name = carbon.udf, interface = org.wso2.carbon.analytics.spark.core.udf.CarbonUDF, policy = dynamic, cardinality = 0..n, target = null, bind = addCarbonUDF, unbind = removeCarbonUDFs]

!ENTRY org.eclipse.equinox.ds 4 0 2016-11-04 11:25:25.445
!MESSAGE Could not bind a reference of component analytics.core. The reference is: Reference[name = carbon.udaf, interface = org.wso2.carbon.analytics.spark.core.udf.CarbonUDAF, policy = dynamic, cardinality = 0..n, target = null, bind = addCarbonUDAF, unbind = removeCarbonUDAF]

!ENTRY org.eclipse.equinox.ds 4 0 2016-11-04 11:25:25.445
!MESSAGE Could not bind a reference of component analytics.core. The reference is: Reference[name = carbon.udaf, interface = org.wso2.carbon.analytics.spark.core.udf.CarbonUDAF, policy = dynamic, cardinality = 0..n, target = null, bind = addCarbonUDAF, unbind = removeCarbonUDAF]

!ENTRY org.eclipse.equinox.ds 4 0 2016-11-04 11:25:27.584
!MESSAGE Could not bind a reference of component analytics.admin. The reference is: Reference[name = hazelcast.instance.service, interface = com.hazelcast.core.HazelcastInstance, policy = dynamic, cardinality = 0..1, target = null, bind = setHazelcastInstance, unbind = unsetHazelcastInstance]

!ENTRY org.eclipse.equinox.ds 4 0 2016-11-04 11:25:27.584
!MESSAGE Could not bind a reference of component analytics.admin. The reference is: Reference[name = hazelcast.instance.service, interface = com.hazelcast.core.HazelcastInstance, policy = dynamic, cardinality = 0..1, target = null, bind = setHazelcastInstance, unbind = unsetHazelcastInstance]

!ENTRY org.eclipse.equinox.ds 4 0 2016-11-04 11:25:28.101
!MESSAGE Could not bind a reference of component analytics.thrift.component. The reference is: Reference[name = hazelcast.instance.service, interface = com.hazelcast.core.HazelcastInstance, policy = dynamic, cardinality = 0..1, target = null, bind = setHazelcastInstance, unbind = unsetHazelcastInstance]

!ENTRY org.eclipse.equinox.ds 4 0 2016-11-04 11:25:28.101
!MESSAGE Could not bind a reference of component analytics.thrift.component. The reference is: Reference[name = hazelcast.instance.service, interface = com.hazelcast.core.HazelcastInstance, policy = dynamic, cardinality = 0..1, target = null, bind = setHazelcastInstance, unbind = unsetHazelcastInstance]

!ENTRY org.eclipse.equinox.ds 4 0 2016-11-04 11:25:28.336
!MESSAGE Could not bind a reference of component org.wso2.carbon.tenant.mgt. The reference is: Reference[name = default.tenant.billing.service, interface = org.wso2.carbon.stratos.common.TenantBillingService, policy = dynamic, cardinality = 0..1, target = null, bind = setTenantBillingService, unbind = unsetTenantBillingService]

!ENTRY org.eclipse.equinox.ds 4 0 2016-11-04 11:25:28.336
!MESSAGE Could not bind a reference of component org.wso2.carbon.tenant.mgt. The reference is: Reference[name = default.tenant.billing.service, interface = org.wso2.carbon.stratos.common.TenantBillingService, policy = dynamic, cardinality = 0..1, target = null, bind = setTenantBillingService, unbind = unsetTenantBillingService]

!ENTRY org.eclipse.equinox.ds 4 0 2016-11-04 11:25:28.450
!MESSAGE Could not bind a reference of component core.ui.dscomponent. The reference is: Reference[name = ui.authentication.extender, interface = org.wso2.carbon.ui.UIAuthenticationExtender, policy = dynamic, cardinality = 0..1, target = null, bind = setUIAuthenticationExtender, unbind = unsetUIAuthenticationExtender]

!ENTRY org.eclipse.equinox.ds 4 0 2016-11-04 11:25:28.451
!MESSAGE Could not bind a reference of component core.ui.dscomponent. The reference is: Reference[name = ui.authentication.extender, interface = org.wso2.carbon.ui.UIAuthenticationExtender, policy = dynamic, cardinality = 0..1, target = null, bind = setUIAuthenticationExtender, unbind = unsetUIAuthenticationExtender]

!ENTRY org.eclipse.equinox.ds 4 0 2016-11-04 11:25:28.713
!MESSAGE Could not bind a reference of component org.wso2.carbon.registry.resource. The reference is: Reference[name = registry.notification.service, interface = org.wso2.carbon.registry.common.eventing.NotificationService, policy = dynamic, cardinality = 0..1, target = null, bind = setRegistryNotificationService, unbind = unsetRegistryNotificationService]

!ENTRY org.eclipse.equinox.ds 4 0 2016-11-04 11:25:28.714
!MESSAGE Could not bind a reference of component org.wso2.carbon.registry.resource. The reference is: Reference[name = registry.notification.service, interface = org.wso2.carbon.registry.common.eventing.NotificationService, policy = dynamic, cardinality = 0..1, target = null, bind = setRegistryNotificationService, unbind = unsetRegistryNotificationService]

!ENTRY org.eclipse.equinox.ds 4 0 2016-11-04 11:25:28.714
!MESSAGE Could not bind a reference of component org.wso2.carbon.registry.resource. The reference is: Reference[name = registry.download.service, interface = org.wso2.carbon.registry.resource.download.DownloadManagerService, policy = dynamic, cardinality = 0..1, target = null, bind = setDownloadManagerService, unbind = unsetDownloadManagerService]

!ENTRY org.eclipse.equinox.ds 4 0 2016-11-04 11:25:28.714
!MESSAGE Could not bind a reference of component org.wso2.carbon.registry.resource. The reference is: Reference[name = registry.download.service, interface = org.wso2.carbon.registry.resource.download.DownloadManagerService, policy = dynamic, cardinality = 0..1, target = null, bind = setDownloadManagerService, unbind = unsetDownloadManagerService]

!ENTRY org.eclipse.equinox.ds 4 0 2016-11-04 11:25:28.718
!MESSAGE Could not bind a reference of component org.wso2.carbon.registry.servlet. The reference is: Reference[name = registry.uddi, interface = org.wso2.carbon.registry.core.servlet.UDDIServlet, policy = dynamic, cardinality = 0..1, target = null, bind = setJUDDIRegistryServlet, unbind = unsetJUDDIRegistryServlet]

!ENTRY org.eclipse.equinox.ds 4 0 2016-11-04 11:25:28.718
!MESSAGE Could not bind a reference of component org.wso2.carbon.registry.servlet. The reference is: Reference[name = registry.uddi, interface = org.wso2.carbon.registry.core.servlet.UDDIServlet, policy = dynamic, cardinality = 0..1, target = null, bind = setJUDDIRegistryServlet, unbind = unsetJUDDIRegistryServlet]

!ENTRY org.eclipse.equinox.ds 4 0 2016-11-04 11:25:28.831
!MESSAGE Could not bind a reference of component org.wso2.carbon.webapp.mgt.internal.UrlMapperServiceComponent. The reference is: Reference[name = url.mapper.service, interface = org.wso2.carbon.url.mapper.HotUpdateService, policy = dynamic, cardinality = 0..1, target = null, bind = setHotUpdateService, unbind = unsetHotUpdateService]

!ENTRY org.eclipse.equinox.ds 4 0 2016-11-04 11:25:28.832
!MESSAGE Could not bind a reference of component org.wso2.carbon.webapp.mgt.internal.UrlMapperServiceComponent. The reference is: Reference[name = url.mapper.service, interface = org.wso2.carbon.url.mapper.HotUpdateService, policy = dynamic, cardinality = 0..1, target = null, bind = setHotUpdateService, unbind = unsetHotUpdateService]
