!SESSION 2016-11-04 08:37:34.302 -----------------------------------------------
eclipse.buildId=unknown
java.version=1.8.0_101
java.vendor=Oracle Corporation
BootLoader constants: OS=linux, ARCH=x86_64, WS=gtk, NL=en_US

!ENTRY org.eclipse.equinox.ds 4 0 2016-11-04 08:37:34.302
!MESSAGE Could not bind a reference of component analytics.api.component. The reference is: Reference[name = analytics.component, interface = org.wso2.carbon.analytics.dataservice.core.AnalyticsDataService, policy = dynamic, cardinality = 0..1, target = null, bind = setAnalyticsDataService, unbind = unsetAnalyticsDataService]

!ENTRY org.eclipse.equinox.ds 4 0 2016-11-04 08:37:34.302
!MESSAGE Could not bind a reference of component analytics.api.component. The reference is: Reference[name = analytics.component, interface = org.wso2.carbon.analytics.dataservice.core.AnalyticsDataService, policy = dynamic, cardinality = 0..1, target = null, bind = setAnalyticsDataService, unbind = unsetAnalyticsDataService]

!ENTRY org.eclipse.equinox.ds 4 0 2016-11-04 08:37:34.303
!MESSAGE Could not bind a reference of component analytics.api.component. The reference is: Reference[name = analytics.secure.component, interface = org.wso2.carbon.analytics.dataservice.core.SecureAnalyticsDataService, policy = dynamic, cardinality = 0..1, target = null, bind = setSecureAnalyticsDataService, unbind = unsetSecureAnalyticsDataService]

!ENTRY org.eclipse.equinox.ds 4 0 2016-11-04 08:37:34.303
!MESSAGE Could not bind a reference of component analytics.api.component. The reference is: Reference[name = analytics.secure.component, interface = org.wso2.carbon.analytics.dataservice.core.SecureAnalyticsDataService, policy = dynamic, cardinality = 0..1, target = null, bind = setSecureAnalyticsDataService, unbind = unsetSecureAnalyticsDataService]

!ENTRY org.eclipse.equinox.ds 4 0 2016-11-04 08:37:35.166
!MESSAGE Could not bind a reference of component org.wso2.carbon.caching.impl.internal.CachingServiceComponent. The reference is: Reference[name = distributedMapProvider, interface = org.wso2.carbon.caching.impl.DistributedMapProvider, policy = dynamic, cardinality = 0..1, target = null, bind = setDistributedMapProvider, unbind = unsetDistributedMapProvider]

!ENTRY org.eclipse.equinox.ds 4 0 2016-11-04 08:37:35.166
!MESSAGE Could not bind a reference of component org.wso2.carbon.caching.impl.internal.CachingServiceComponent. The reference is: Reference[name = distributedMapProvider, interface = org.wso2.carbon.caching.impl.DistributedMapProvider, policy = dynamic, cardinality = 0..1, target = null, bind = setDistributedMapProvider, unbind = unsetDistributedMapProvider]

!ENTRY org.eclipse.equinox.ds 4 0 2016-11-04 08:37:35.544
!MESSAGE Could not bind a reference of component org.wso2.carbon.deployment.synchronizer.subversion. The reference is: Reference[name = carbon.tomcat.service, interface = org.wso2.carbon.tomcat.api.CarbonTomcatService, policy = dynamic, cardinality = 0..1, target = null, bind = setCarbonTomcatService, unbind = unsetCarbonTomcatService]

!ENTRY org.eclipse.equinox.ds 4 0 2016-11-04 08:37:35.545
!MESSAGE Could not bind a reference of component org.wso2.carbon.deployment.synchronizer.subversion. The reference is: Reference[name = carbon.tomcat.service, interface = org.wso2.carbon.tomcat.api.CarbonTomcatService, policy = dynamic, cardinality = 0..1, target = null, bind = setCarbonTomcatService, unbind = unsetCarbonTomcatService]

!ENTRY org.eclipse.equinox.ds 4 0 2016-11-04 08:37:35.991
!MESSAGE Could not bind a reference of component event.input.adapter.service. The reference is: Reference[name = input.event.adapter.tracker.service, interface = org.wso2.carbon.event.input.adapter.core.InputEventAdapterFactory, policy = dynamic, cardinality = 0..n, target = null, bind = setEventAdapterType, unbind = unSetEventAdapterType]

!ENTRY org.eclipse.equinox.ds 4 0 2016-11-04 08:37:35.991
!MESSAGE Could not bind a reference of component event.input.adapter.service. The reference is: Reference[name = input.event.adapter.tracker.service, interface = org.wso2.carbon.event.input.adapter.core.InputEventAdapterFactory, policy = dynamic, cardinality = 0..n, target = null, bind = setEventAdapterType, unbind = unSetEventAdapterType]

!ENTRY org.eclipse.equinox.ds 4 0 2016-11-04 08:37:35.991
!MESSAGE Could not bind a reference of component event.input.adapter.service. The reference is: Reference[name = config.context.service, interface = org.wso2.carbon.utils.ConfigurationContextService, policy = dynamic, cardinality = 0..1, target = null, bind = setConfigurationContextService, unbind = unsetConfigurationContextService]

!ENTRY org.eclipse.equinox.ds 4 0 2016-11-04 08:37:35.991
!MESSAGE Could not bind a reference of component event.input.adapter.service. The reference is: Reference[name = config.context.service, interface = org.wso2.carbon.utils.ConfigurationContextService, policy = dynamic, cardinality = 0..1, target = null, bind = setConfigurationContextService, unbind = unsetConfigurationContextService]

!ENTRY org.eclipse.equinox.ds 4 0 2016-11-04 08:37:36.053
!MESSAGE Could not bind a reference of component input.Kafka.EventAdaptorService.component. The reference is: Reference[name = configurationcontext.service, interface = org.wso2.carbon.utils.ConfigurationContextService, policy = dynamic, cardinality = 0..1, target = null, bind = setConfigurationContextService, unbind = unsetConfigurationContextService]

!ENTRY org.eclipse.equinox.ds 4 0 2016-11-04 08:37:36.053
!MESSAGE Could not bind a reference of component input.Kafka.EventAdaptorService.component. The reference is: Reference[name = configurationcontext.service, interface = org.wso2.carbon.utils.ConfigurationContextService, policy = dynamic, cardinality = 0..1, target = null, bind = setConfigurationContextService, unbind = unsetConfigurationContextService]

!ENTRY org.eclipse.equinox.ds 4 0 2016-11-04 08:37:36.155
!MESSAGE Could not bind a reference of component eventProcessorManagementService.component. The reference is: Reference[name = hazelcast.instance.service, interface = com.hazelcast.core.HazelcastInstance, policy = dynamic, cardinality = 0..1, target = null, bind = setHazelcastInstance, unbind = unsetHazelcastInstance]

!ENTRY org.eclipse.equinox.ds 4 0 2016-11-04 08:37:36.155
!MESSAGE Could not bind a reference of component eventProcessorManagementService.component. The reference is: Reference[name = hazelcast.instance.service, interface = com.hazelcast.core.HazelcastInstance, policy = dynamic, cardinality = 0..1, target = null, bind = setHazelcastInstance, unbind = unsetHazelcastInstance]

!ENTRY org.eclipse.equinox.ds 4 0 2016-11-04 08:37:36.155
!MESSAGE Could not bind a reference of component eventProcessorManagementService.component. The reference is: Reference[name = configuration.contextService.service, interface = org.wso2.carbon.utils.ConfigurationContextService, policy = dynamic, cardinality = 0..1, target = null, bind = setConfigurationContextService, unbind = unsetConfigurationContextService]

!ENTRY org.eclipse.equinox.ds 4 0 2016-11-04 08:37:36.155
!MESSAGE Could not bind a reference of component eventProcessorManagementService.component. The reference is: Reference[name = configuration.contextService.service, interface = org.wso2.carbon.utils.ConfigurationContextService, policy = dynamic, cardinality = 0..1, target = null, bind = setConfigurationContextService, unbind = unsetConfigurationContextService]

!ENTRY org.eclipse.equinox.ds 4 0 2016-11-04 08:37:36.223
!MESSAGE Could not bind a reference of component eventStreamService.component. The reference is: Reference[name = config.context.service, interface = org.wso2.carbon.utils.ConfigurationContextService, policy = dynamic, cardinality = 0..1, target = null, bind = setConfigurationContextService, unbind = unsetConfigurationContextService]

!ENTRY org.eclipse.equinox.ds 4 0 2016-11-04 08:37:36.224
!MESSAGE Could not bind a reference of component eventStreamService.component. The reference is: Reference[name = config.context.service, interface = org.wso2.carbon.utils.ConfigurationContextService, policy = dynamic, cardinality = 0..1, target = null, bind = setConfigurationContextService, unbind = unsetConfigurationContextService]

!ENTRY org.eclipse.equinox.ds 4 0 2016-11-04 08:37:36.224
!MESSAGE Could not bind a reference of component eventStreamService.component. The reference is: Reference[name = eventStreamListener.service, interface = org.wso2.carbon.event.stream.core.EventStreamListener, policy = dynamic, cardinality = 0..n, target = null, bind = setEventStreamListener, unbind = unsetEventStreamListener]

!ENTRY org.eclipse.equinox.ds 4 0 2016-11-04 08:37:36.224
!MESSAGE Could not bind a reference of component eventStreamService.component. The reference is: Reference[name = eventStreamListener.service, interface = org.wso2.carbon.event.stream.core.EventStreamListener, policy = dynamic, cardinality = 0..n, target = null, bind = setEventStreamListener, unbind = unsetEventStreamListener]

!ENTRY org.eclipse.equinox.ds 4 0 2016-11-04 08:37:36.478
!MESSAGE Could not bind a reference of component event.output.adapter.service. The reference is: Reference[name = config.context.service, interface = org.wso2.carbon.utils.ConfigurationContextService, policy = dynamic, cardinality = 0..1, target = null, bind = setConfigurationContextService, unbind = unsetConfigurationContextService]

!ENTRY org.eclipse.equinox.ds 4 0 2016-11-04 08:37:36.478
!MESSAGE Could not bind a reference of component event.output.adapter.service. The reference is: Reference[name = config.context.service, interface = org.wso2.carbon.utils.ConfigurationContextService, policy = dynamic, cardinality = 0..1, target = null, bind = setConfigurationContextService, unbind = unsetConfigurationContextService]

!ENTRY org.eclipse.equinox.ds 4 0 2016-11-04 08:37:36.526
!MESSAGE Could not bind a reference of component org.wso2.carbon.ndatasource. The reference is: Reference[name = registry.service, interface = org.wso2.carbon.registry.core.service.RegistryService, policy = dynamic, cardinality = 0..1, target = null, bind = setRegistryService, unbind = unsetRegistryService]

!ENTRY org.eclipse.equinox.ds 4 0 2016-11-04 08:37:36.526
!MESSAGE Could not bind a reference of component org.wso2.carbon.ndatasource. The reference is: Reference[name = registry.service, interface = org.wso2.carbon.registry.core.service.RegistryService, policy = dynamic, cardinality = 0..1, target = null, bind = setRegistryService, unbind = unsetRegistryService]

!ENTRY org.eclipse.equinox.ds 4 0 2016-11-04 08:37:36.880
!MESSAGE Could not bind a reference of component org.wso2.carbon.ndatasource. The reference is: Reference[name = user.realmservice.default, interface = org.wso2.carbon.user.core.service.RealmService, policy = dynamic, cardinality = 0..1, target = null, bind = setRealmService, unbind = unsetRealmService]

!ENTRY org.eclipse.equinox.ds 4 0 2016-11-04 08:37:36.881
!MESSAGE Could not bind a reference of component org.wso2.carbon.ndatasource. The reference is: Reference[name = user.realmservice.default, interface = org.wso2.carbon.user.core.service.RealmService, policy = dynamic, cardinality = 0..1, target = null, bind = setRealmService, unbind = unsetRealmService]

!ENTRY org.eclipse.equinox.ds 4 0 2016-11-04 08:37:36.881
!MESSAGE Could not bind a reference of component org.wso2.carbon.ndatasource. The reference is: Reference[name = config.context.service, interface = org.wso2.carbon.utils.ConfigurationContextService, policy = dynamic, cardinality = 0..1, target = null, bind = setConfigurationContextService, unbind = unsetConfigurationContextService]

!ENTRY org.eclipse.equinox.ds 4 0 2016-11-04 08:37:36.881
!MESSAGE Could not bind a reference of component org.wso2.carbon.ndatasource. The reference is: Reference[name = config.context.service, interface = org.wso2.carbon.utils.ConfigurationContextService, policy = dynamic, cardinality = 0..1, target = null, bind = setConfigurationContextService, unbind = unsetConfigurationContextService]

!ENTRY org.eclipse.equinox.ds 4 0 2016-11-04 08:37:36.914
!MESSAGE Could not bind a reference of component org.wso2.carbon.redirector.servlet.activation. The reference is: Reference[name = activation.service, interface = org.wso2.carbon.activation.service.ActivationService, policy = dynamic, cardinality = 0..1, target = null, bind = setActivationService, unbind = unsetActivationService]

!ENTRY org.eclipse.equinox.ds 4 0 2016-11-04 08:37:36.914
!MESSAGE Could not bind a reference of component org.wso2.carbon.redirector.servlet.activation. The reference is: Reference[name = activation.service, interface = org.wso2.carbon.activation.service.ActivationService, policy = dynamic, cardinality = 0..1, target = null, bind = setActivationService, unbind = unsetActivationService]

!ENTRY org.eclipse.equinox.ds 4 0 2016-11-04 08:37:36.918
!MESSAGE [SCR] Exception while activating instance org.wso2.carbon.redirector.servlet.internal.RedirectorServletActivationServiceComponent@c524c5 of component org.wso2.carbon.redirector.servlet.activation  
!STACK 0
java.lang.NoClassDefFoundError: org/wso2/carbon/activation/service/ActivationService
	at java.lang.Class.getDeclaredMethods0(Native Method)
	at java.lang.Class.privateGetDeclaredMethods(Class.java:2701)
	at java.lang.Class.getDeclaredMethod(Class.java:2128)
	at org.eclipse.equinox.internal.ds.model.ServiceComponent.getMethod(ServiceComponent.java:156)
	at org.eclipse.equinox.internal.ds.model.ServiceComponent.activate(ServiceComponent.java:253)
	at org.eclipse.equinox.internal.ds.model.ServiceComponentProp.activate(ServiceComponentProp.java:146)
	at org.eclipse.equinox.internal.ds.model.ServiceComponentProp.build(ServiceComponentProp.java:345)
	at org.eclipse.equinox.internal.ds.InstanceProcess.buildComponent(InstanceProcess.java:620)
	at org.eclipse.equinox.internal.ds.InstanceProcess.buildComponents(InstanceProcess.java:197)
	at org.eclipse.equinox.internal.ds.Resolver.buildNewlySatisfied(Resolver.java:473)
	at org.eclipse.equinox.internal.ds.Resolver.enableComponents(Resolver.java:217)
	at org.eclipse.equinox.internal.ds.SCRManager.performWork(SCRManager.java:816)
	at org.eclipse.equinox.internal.ds.SCRManager$QueuedJob.dispatch(SCRManager.java:783)
	at org.eclipse.equinox.internal.ds.WorkThread.run(WorkThread.java:89)
	at java.lang.Thread.run(Thread.java:745)
Caused by: java.lang.ClassNotFoundException: org.wso2.carbon.activation.service.ActivationService cannot be found by org.wso2.carbon.tenant.redirector.servlet_4.6.0
	at org.eclipse.osgi.internal.loader.BundleLoader.findClassInternal(BundleLoader.java:501)
	at org.eclipse.osgi.internal.loader.BundleLoader.findClass(BundleLoader.java:421)
	at org.eclipse.osgi.internal.loader.BundleLoader.findClass(BundleLoader.java:412)
	at org.eclipse.osgi.internal.baseadaptor.DefaultClassLoader.loadClass(DefaultClassLoader.java:107)
	at java.lang.ClassLoader.loadClass(ClassLoader.java:357)
	... 15 more

!ENTRY org.eclipse.equinox.ds 4 0 2016-11-04 08:37:36.936
!MESSAGE [SCR] Exception while activating instance org.wso2.carbon.redirector.servlet.internal.RedirectorServletActivationServiceComponent@c524c5 of component org.wso2.carbon.redirector.servlet.activation  
!STACK 0
java.lang.NoClassDefFoundError: org/wso2/carbon/activation/service/ActivationService
	at java.lang.Class.getDeclaredMethods0(Native Method)
	at java.lang.Class.privateGetDeclaredMethods(Class.java:2701)
	at java.lang.Class.getDeclaredMethod(Class.java:2128)
	at org.eclipse.equinox.internal.ds.model.ServiceComponent.getMethod(ServiceComponent.java:156)
	at org.eclipse.equinox.internal.ds.model.ServiceComponent.activate(ServiceComponent.java:253)
	at org.eclipse.equinox.internal.ds.model.ServiceComponentProp.activate(ServiceComponentProp.java:146)
	at org.eclipse.equinox.internal.ds.model.ServiceComponentProp.build(ServiceComponentProp.java:345)
	at org.eclipse.equinox.internal.ds.InstanceProcess.buildComponent(InstanceProcess.java:620)
	at org.eclipse.equinox.internal.ds.InstanceProcess.buildComponents(InstanceProcess.java:197)
	at org.eclipse.equinox.internal.ds.Resolver.buildNewlySatisfied(Resolver.java:473)
	at org.eclipse.equinox.internal.ds.Resolver.enableComponents(Resolver.java:217)
	at org.eclipse.equinox.internal.ds.SCRManager.performWork(SCRManager.java:816)
	at org.eclipse.equinox.internal.ds.SCRManager$QueuedJob.dispatch(SCRManager.java:783)
	at org.eclipse.equinox.internal.ds.WorkThread.run(WorkThread.java:89)
	at java.lang.Thread.run(Thread.java:745)
Caused by: java.lang.ClassNotFoundException: org.wso2.carbon.activation.service.ActivationService cannot be found by org.wso2.carbon.tenant.redirector.servlet_4.6.0
	at org.eclipse.osgi.internal.loader.BundleLoader.findClassInternal(BundleLoader.java:501)
	at org.eclipse.osgi.internal.loader.BundleLoader.findClass(BundleLoader.java:421)
	at org.eclipse.osgi.internal.loader.BundleLoader.findClass(BundleLoader.java:412)
	at org.eclipse.osgi.internal.baseadaptor.DefaultClassLoader.loadClass(DefaultClassLoader.java:107)
	at java.lang.ClassLoader.loadClass(ClassLoader.java:357)
	... 15 more

!ENTRY org.eclipse.equinox.ds 4 0 2016-11-04 08:37:36.941
!MESSAGE Could not bind a reference of component org.wso2.carbon.redirector.servlet.activation. The reference is: Reference[name = activation.service, interface = org.wso2.carbon.activation.service.ActivationService, policy = dynamic, cardinality = 0..1, target = null, bind = setActivationService, unbind = unsetActivationService]

!ENTRY org.eclipse.equinox.ds 4 0 2016-11-04 08:37:36.941
!MESSAGE Could not bind a reference of component org.wso2.carbon.redirector.servlet.activation. The reference is: Reference[name = activation.service, interface = org.wso2.carbon.activation.service.ActivationService, policy = dynamic, cardinality = 0..1, target = null, bind = setActivationService, unbind = unsetActivationService]

!ENTRY org.eclipse.equinox.ds 4 0 2016-11-04 08:37:37.204
!MESSAGE Could not bind a reference of component org.wso2.carbon.tomcat.internal.CarbonTomcatServiceComponent. The reference is: Reference[name = sci, interface = javax.servlet.ServletContainerInitializer, policy = dynamic, cardinality = 0..n, target = null, bind = setServletContainerInitializer, unbind = unsetServletContainerInitializer]

!ENTRY org.eclipse.equinox.ds 4 0 2016-11-04 08:37:37.205
!MESSAGE Could not bind a reference of component org.wso2.carbon.tomcat.internal.CarbonTomcatServiceComponent. The reference is: Reference[name = sci, interface = javax.servlet.ServletContainerInitializer, policy = dynamic, cardinality = 0..n, target = null, bind = setServletContainerInitializer, unbind = unsetServletContainerInitializer]

!ENTRY org.eclipse.equinox.ds 4 0 2016-11-04 08:37:39.016
!MESSAGE Could not bind a reference of component databridge.component. The reference is: Reference[name = config.context.service, interface = org.wso2.carbon.utils.ConfigurationContextService, policy = dynamic, cardinality = 0..1, target = null, bind = setConfigurationContextService, unbind = unsetConfigurationContextService]

!ENTRY org.eclipse.equinox.ds 4 0 2016-11-04 08:37:39.017
!MESSAGE Could not bind a reference of component databridge.component. The reference is: Reference[name = config.context.service, interface = org.wso2.carbon.utils.ConfigurationContextService, policy = dynamic, cardinality = 0..1, target = null, bind = setConfigurationContextService, unbind = unsetConfigurationContextService]

!ENTRY org.eclipse.equinox.ds 4 0 2016-11-04 08:37:39.740
!MESSAGE Could not bind a reference of component org.wso2.carbon.identity.user.store.configuration.component. The reference is: Reference[name = user.store.config.event.listener.service, interface = org.wso2.carbon.identity.user.store.configuration.listener.UserStoreConfigListener, policy = dynamic, cardinality = 0..n, target = null, bind = setUserStoreConfigListenerService, unbind = unsetIdentityProviderMgtListerService]

!ENTRY org.eclipse.equinox.ds 4 0 2016-11-04 08:37:39.740
!MESSAGE Could not bind a reference of component org.wso2.carbon.identity.user.store.configuration.component. The reference is: Reference[name = user.store.config.event.listener.service, interface = org.wso2.carbon.identity.user.store.configuration.listener.UserStoreConfigListener, policy = dynamic, cardinality = 0..n, target = null, bind = setUserStoreConfigListenerService, unbind = unsetIdentityProviderMgtListerService]

!ENTRY org.eclipse.equinox.ds 4 0 2016-11-04 08:37:39.742
!MESSAGE Could not bind a reference of component identity.user.store.count.component. The reference is: Reference[name = user.store.count, interface = org.wso2.carbon.identity.user.store.count.AbstractCountRetrieverFactory, policy = dynamic, cardinality = 0..n, target = null, bind = setCountRetrieverFactory, unbind = unsetCountRetrieverFactory]

!ENTRY org.eclipse.equinox.ds 4 0 2016-11-04 08:37:39.742
!MESSAGE Could not bind a reference of component identity.user.store.count.component. The reference is: Reference[name = user.store.count, interface = org.wso2.carbon.identity.user.store.count.AbstractCountRetrieverFactory, policy = dynamic, cardinality = 0..n, target = null, bind = setCountRetrieverFactory, unbind = unsetCountRetrieverFactory]

!ENTRY org.eclipse.equinox.ds 4 0 2016-11-04 08:37:39.769
!MESSAGE Could not bind a reference of component registry.core.dscomponent. The reference is: Reference[name = statistics.collector, interface = org.wso2.carbon.registry.core.statistics.StatisticsCollector, policy = dynamic, cardinality = 0..n, target = null, bind = setStatisticsCollector, unbind = unsetStatisticsCollector]

!ENTRY org.eclipse.equinox.ds 4 0 2016-11-04 08:37:39.769
!MESSAGE Could not bind a reference of component registry.core.dscomponent. The reference is: Reference[name = statistics.collector, interface = org.wso2.carbon.registry.core.statistics.StatisticsCollector, policy = dynamic, cardinality = 0..n, target = null, bind = setStatisticsCollector, unbind = unsetStatisticsCollector]

!ENTRY org.eclipse.equinox.ds 4 0 2016-11-04 08:37:39.769
!MESSAGE Could not bind a reference of component registry.core.dscomponent. The reference is: Reference[name = CacheInvalidator, interface = org.wso2.carbon.caching.impl.CacheInvalidator, policy = dynamic, cardinality = 0..n, target = null, bind = setCacheInvalidatorService, unbind = unSetCacheInvalidatorService]

!ENTRY org.eclipse.equinox.ds 4 0 2016-11-04 08:37:39.770
!MESSAGE Could not bind a reference of component registry.core.dscomponent. The reference is: Reference[name = CacheInvalidator, interface = org.wso2.carbon.caching.impl.CacheInvalidator, policy = dynamic, cardinality = 0..n, target = null, bind = setCacheInvalidatorService, unbind = unSetCacheInvalidatorService]

!ENTRY org.eclipse.equinox.ds 4 0 2016-11-04 08:37:40.141
!MESSAGE Could not bind a reference of component eventProcessorService.component. The reference is: Reference[name = hazelcast.instance.service, interface = com.hazelcast.core.HazelcastInstance, policy = dynamic, cardinality = 0..1, target = null, bind = setHazelcastInstance, unbind = unsetHazelcastInstance]

!ENTRY org.eclipse.equinox.ds 4 0 2016-11-04 08:37:40.141
!MESSAGE Could not bind a reference of component eventProcessorService.component. The reference is: Reference[name = hazelcast.instance.service, interface = com.hazelcast.core.HazelcastInstance, policy = dynamic, cardinality = 0..1, target = null, bind = setHazelcastInstance, unbind = unsetHazelcastInstance]

!ENTRY org.eclipse.equinox.ds 4 0 2016-11-04 08:37:40.141
!MESSAGE Could not bind a reference of component eventProcessorService.component. The reference is: Reference[name = configuration.context, interface = org.wso2.carbon.utils.ConfigurationContextService, policy = dynamic, cardinality = 0..1, target = null, bind = setConfigurationContext, unbind = unsetConfigurationContext]

!ENTRY org.eclipse.equinox.ds 4 0 2016-11-04 08:37:40.141
!MESSAGE Could not bind a reference of component eventProcessorService.component. The reference is: Reference[name = configuration.context, interface = org.wso2.carbon.utils.ConfigurationContextService, policy = dynamic, cardinality = 0..1, target = null, bind = setConfigurationContext, unbind = unsetConfigurationContext]

!ENTRY org.eclipse.equinox.ds 4 0 2016-11-04 08:37:44.566
!MESSAGE Could not bind a reference of component eventPublisherService.component. The reference is: Reference[name = config.context.service, interface = org.wso2.carbon.utils.ConfigurationContextService, policy = dynamic, cardinality = 0..1, target = null, bind = setConfigurationContextService, unbind = unsetConfigurationContextService]

!ENTRY org.eclipse.equinox.ds 4 0 2016-11-04 08:37:44.566
!MESSAGE Could not bind a reference of component eventPublisherService.component. The reference is: Reference[name = config.context.service, interface = org.wso2.carbon.utils.ConfigurationContextService, policy = dynamic, cardinality = 0..1, target = null, bind = setConfigurationContextService, unbind = unsetConfigurationContextService]

!ENTRY org.eclipse.equinox.ds 4 0 2016-11-04 08:37:44.628
!MESSAGE Could not bind a reference of component eventReceiverService.component. The reference is: Reference[name = config.context.service, interface = org.wso2.carbon.utils.ConfigurationContextService, policy = dynamic, cardinality = 0..1, target = null, bind = setConfigurationContextService, unbind = unsetConfigurationContextService]

!ENTRY org.eclipse.equinox.ds 4 0 2016-11-04 08:37:44.628
!MESSAGE Could not bind a reference of component eventReceiverService.component. The reference is: Reference[name = config.context.service, interface = org.wso2.carbon.utils.ConfigurationContextService, policy = dynamic, cardinality = 0..1, target = null, bind = setConfigurationContextService, unbind = unsetConfigurationContextService]

!ENTRY org.eclipse.equinox.ds 4 0 2016-11-04 08:37:49.404
!MESSAGE Could not bind a reference of component org.wso2.carbon.registry.server. The reference is: Reference[name = config.context.service, interface = org.wso2.carbon.utils.ConfigurationContextService, policy = dynamic, cardinality = 0..1, target = null, bind = setConfigurationContextService, unbind = unsetConfigurationContextService]

!ENTRY org.eclipse.equinox.ds 4 0 2016-11-04 08:37:49.404
!MESSAGE Could not bind a reference of component org.wso2.carbon.registry.server. The reference is: Reference[name = config.context.service, interface = org.wso2.carbon.utils.ConfigurationContextService, policy = dynamic, cardinality = 0..1, target = null, bind = setConfigurationContextService, unbind = unsetConfigurationContextService]

!ENTRY org.eclipse.equinox.ds 4 0 2016-11-04 08:37:49.691
!MESSAGE Could not bind a reference of component org.wso2.carbon.user.core.listener. The reference is: Reference[name = authorization.manager.listener.service, interface = org.wso2.carbon.user.core.listener.AuthorizationManagerListener, policy = dynamic, cardinality = 0..n, target = null, bind = setAuthorizationManagerListenerService, unbind = unsetAuthorizationManagerListenerService]

!ENTRY org.eclipse.equinox.ds 4 0 2016-11-04 08:37:49.692
!MESSAGE Could not bind a reference of component org.wso2.carbon.user.core.listener. The reference is: Reference[name = authorization.manager.listener.service, interface = org.wso2.carbon.user.core.listener.AuthorizationManagerListener, policy = dynamic, cardinality = 0..n, target = null, bind = setAuthorizationManagerListenerService, unbind = unsetAuthorizationManagerListenerService]

!ENTRY org.eclipse.equinox.ds 4 0 2016-11-04 08:37:49.692
!MESSAGE Could not bind a reference of component org.wso2.carbon.user.core.listener. The reference is: Reference[name = user.store.manager.listener.service, interface = org.wso2.carbon.user.core.listener.UserStoreManagerListener, policy = dynamic, cardinality = 0..n, target = null, bind = setUserStoreManagerListenerService, unbind = unsetUserStoreManagerListenerService]

!ENTRY org.eclipse.equinox.ds 4 0 2016-11-04 08:37:49.692
!MESSAGE Could not bind a reference of component org.wso2.carbon.user.core.listener. The reference is: Reference[name = user.store.manager.listener.service, interface = org.wso2.carbon.user.core.listener.UserStoreManagerListener, policy = dynamic, cardinality = 0..n, target = null, bind = setUserStoreManagerListenerService, unbind = unsetUserStoreManagerListenerService]

!ENTRY org.eclipse.equinox.ds 4 0 2016-11-04 08:37:49.692
!MESSAGE Could not bind a reference of component org.wso2.carbon.user.core.listener. The reference is: Reference[name = user.operation.event.listener.service, interface = org.wso2.carbon.user.core.listener.UserOperationEventListener, policy = dynamic, cardinality = 0..n, target = null, bind = setUserOperationEventListenerService, unbind = unsetUserOperationEventListenerService]

!ENTRY org.eclipse.equinox.ds 4 0 2016-11-04 08:37:49.692
!MESSAGE Could not bind a reference of component org.wso2.carbon.user.core.listener. The reference is: Reference[name = user.operation.event.listener.service, interface = org.wso2.carbon.user.core.listener.UserOperationEventListener, policy = dynamic, cardinality = 0..n, target = null, bind = setUserOperationEventListenerService, unbind = unsetUserOperationEventListenerService]

!ENTRY org.eclipse.equinox.ds 4 0 2016-11-04 08:37:49.692
!MESSAGE Could not bind a reference of component org.wso2.carbon.user.core.listener. The reference is: Reference[name = claim.manager.listener.service, interface = org.wso2.carbon.user.core.listener.ClaimManagerListener, policy = dynamic, cardinality = 0..n, target = null, bind = setClaimManagerListenerService, unbind = unsetClaimManagerListenerService]

!ENTRY org.eclipse.equinox.ds 4 0 2016-11-04 08:37:49.692
!MESSAGE Could not bind a reference of component org.wso2.carbon.user.core.listener. The reference is: Reference[name = claim.manager.listener.service, interface = org.wso2.carbon.user.core.listener.ClaimManagerListener, policy = dynamic, cardinality = 0..n, target = null, bind = setClaimManagerListenerService, unbind = unsetClaimManagerListenerService]

!ENTRY org.eclipse.equinox.ds 4 0 2016-11-04 08:37:49.692
!MESSAGE Could not bind a reference of component org.wso2.carbon.user.core.listener. The reference is: Reference[name = ldap.tenant.manager.listener.service, interface = org.wso2.carbon.user.core.tenant.LDAPTenantManager, policy = dynamic, cardinality = 0..n, target = null, bind = addLDAPTenantManager, unbind = removeLDAPTenantManager]

!ENTRY org.eclipse.equinox.ds 4 0 2016-11-04 08:37:49.692
!MESSAGE Could not bind a reference of component org.wso2.carbon.user.core.listener. The reference is: Reference[name = ldap.tenant.manager.listener.service, interface = org.wso2.carbon.user.core.tenant.LDAPTenantManager, policy = dynamic, cardinality = 0..n, target = null, bind = addLDAPTenantManager, unbind = removeLDAPTenantManager]

!ENTRY org.eclipse.equinox.ds 4 0 2016-11-04 08:37:49.701
!MESSAGE Could not bind a reference of component user.store.mgt.dscomponent. The reference is: Reference[name = claim.mgt.component, interface = org.wso2.carbon.user.core.claim.ClaimManagerFactory, policy = dynamic, cardinality = 0..1, target = null, bind = setClaimManagerFactory, unbind = unsetClaimManagerFactory]

!ENTRY org.eclipse.equinox.ds 4 0 2016-11-04 08:37:49.702
!MESSAGE Could not bind a reference of component user.store.mgt.dscomponent. The reference is: Reference[name = claim.mgt.component, interface = org.wso2.carbon.user.core.claim.ClaimManagerFactory, policy = dynamic, cardinality = 0..1, target = null, bind = setClaimManagerFactory, unbind = unsetClaimManagerFactory]

!ENTRY org.eclipse.equinox.ds 4 0 2016-11-04 08:37:49.961
!MESSAGE Could not bind a reference of component org.wso2.carbon.context.internal.CarbonContextDiscoveryServiceComponent. The reference is: Reference[name = discoveryService, interface = org.wso2.carbon.base.DiscoveryService, policy = dynamic, cardinality = 0..1, target = null, bind = setDiscoveryService, unbind = unsetDiscoveryService]

!ENTRY org.eclipse.equinox.ds 4 0 2016-11-04 08:37:49.961
!MESSAGE Could not bind a reference of component org.wso2.carbon.context.internal.CarbonContextDiscoveryServiceComponent. The reference is: Reference[name = discoveryService, interface = org.wso2.carbon.base.DiscoveryService, policy = dynamic, cardinality = 0..1, target = null, bind = setDiscoveryService, unbind = unsetDiscoveryService]

!ENTRY org.eclipse.equinox.ds 4 0 2016-11-04 08:37:49.982
!MESSAGE Could not bind a reference of component org.wso2.carbon.webapp.mgt.internal.UrlMapperServiceComponent. The reference is: Reference[name = url.mapper.service, interface = org.wso2.carbon.url.mapper.HotUpdateService, policy = dynamic, cardinality = 0..1, target = null, bind = setHotUpdateService, unbind = unsetHotUpdateService]

!ENTRY org.eclipse.equinox.ds 4 0 2016-11-04 08:37:49.983
!MESSAGE Could not bind a reference of component org.wso2.carbon.webapp.mgt.internal.UrlMapperServiceComponent. The reference is: Reference[name = url.mapper.service, interface = org.wso2.carbon.url.mapper.HotUpdateService, policy = dynamic, cardinality = 0..1, target = null, bind = setHotUpdateService, unbind = unsetHotUpdateService]

!ENTRY org.eclipse.equinox.ds 4 0 2016-11-04 08:37:49.983
!MESSAGE [SCR] Exception while activating instance org.wso2.carbon.webapp.mgt.internal.UrlMapperServiceComponent@232529f5 of component org.wso2.carbon.webapp.mgt.internal.UrlMapperServiceComponent  
!STACK 0
java.lang.NoClassDefFoundError: org/wso2/carbon/url/mapper/HotUpdateService
	at java.lang.Class.getDeclaredMethods0(Native Method)
	at java.lang.Class.privateGetDeclaredMethods(Class.java:2701)
	at java.lang.Class.getDeclaredMethod(Class.java:2128)
	at org.eclipse.equinox.internal.ds.model.ServiceComponent.getMethod(ServiceComponent.java:156)
	at org.eclipse.equinox.internal.ds.model.ServiceComponent.activate(ServiceComponent.java:253)
	at org.eclipse.equinox.internal.ds.model.ServiceComponentProp.activate(ServiceComponentProp.java:146)
	at org.eclipse.equinox.internal.ds.model.ServiceComponentProp.build(ServiceComponentProp.java:345)
	at org.eclipse.equinox.internal.ds.InstanceProcess.buildComponent(InstanceProcess.java:620)
	at org.eclipse.equinox.internal.ds.InstanceProcess.buildComponents(InstanceProcess.java:197)
	at org.eclipse.equinox.internal.ds.Resolver.buildNewlySatisfied(Resolver.java:473)
	at org.eclipse.equinox.internal.ds.Resolver.enableComponents(Resolver.java:217)
	at org.eclipse.equinox.internal.ds.SCRManager.performWork(SCRManager.java:816)
	at org.eclipse.equinox.internal.ds.SCRManager$QueuedJob.dispatch(SCRManager.java:783)
	at org.eclipse.equinox.internal.ds.WorkThread.run(WorkThread.java:89)
	at org.eclipse.equinox.internal.util.impl.tpt.threadpool.Executor.run(Executor.java:70)
Caused by: java.lang.ClassNotFoundException: org.wso2.carbon.url.mapper.HotUpdateService cannot be found by org.wso2.carbon.webapp.mgt_4.7.0
	at org.eclipse.osgi.internal.loader.BundleLoader.findClassInternal(BundleLoader.java:501)
	at org.eclipse.osgi.internal.loader.BundleLoader.findClass(BundleLoader.java:421)
	at org.eclipse.osgi.internal.loader.BundleLoader.findClass(BundleLoader.java:412)
	at org.eclipse.osgi.internal.baseadaptor.DefaultClassLoader.loadClass(DefaultClassLoader.java:107)
	at java.lang.ClassLoader.loadClass(ClassLoader.java:357)
	... 15 more

!ENTRY org.eclipse.equinox.ds 4 0 2016-11-04 08:37:49.984
!MESSAGE [SCR] Exception while activating instance org.wso2.carbon.webapp.mgt.internal.UrlMapperServiceComponent@232529f5 of component org.wso2.carbon.webapp.mgt.internal.UrlMapperServiceComponent  
!STACK 0
java.lang.NoClassDefFoundError: org/wso2/carbon/url/mapper/HotUpdateService
	at java.lang.Class.getDeclaredMethods0(Native Method)
	at java.lang.Class.privateGetDeclaredMethods(Class.java:2701)
	at java.lang.Class.getDeclaredMethod(Class.java:2128)
	at org.eclipse.equinox.internal.ds.model.ServiceComponent.getMethod(ServiceComponent.java:156)
	at org.eclipse.equinox.internal.ds.model.ServiceComponent.activate(ServiceComponent.java:253)
	at org.eclipse.equinox.internal.ds.model.ServiceComponentProp.activate(ServiceComponentProp.java:146)
	at org.eclipse.equinox.internal.ds.model.ServiceComponentProp.build(ServiceComponentProp.java:345)
	at org.eclipse.equinox.internal.ds.InstanceProcess.buildComponent(InstanceProcess.java:620)
	at org.eclipse.equinox.internal.ds.InstanceProcess.buildComponents(InstanceProcess.java:197)
	at org.eclipse.equinox.internal.ds.Resolver.buildNewlySatisfied(Resolver.java:473)
	at org.eclipse.equinox.internal.ds.Resolver.enableComponents(Resolver.java:217)
	at org.eclipse.equinox.internal.ds.SCRManager.performWork(SCRManager.java:816)
	at org.eclipse.equinox.internal.ds.SCRManager$QueuedJob.dispatch(SCRManager.java:783)
	at org.eclipse.equinox.internal.ds.WorkThread.run(WorkThread.java:89)
	at org.eclipse.equinox.internal.util.impl.tpt.threadpool.Executor.run(Executor.java:70)
Caused by: java.lang.ClassNotFoundException: org.wso2.carbon.url.mapper.HotUpdateService cannot be found by org.wso2.carbon.webapp.mgt_4.7.0
	at org.eclipse.osgi.internal.loader.BundleLoader.findClassInternal(BundleLoader.java:501)
	at org.eclipse.osgi.internal.loader.BundleLoader.findClass(BundleLoader.java:421)
	at org.eclipse.osgi.internal.loader.BundleLoader.findClass(BundleLoader.java:412)
	at org.eclipse.osgi.internal.baseadaptor.DefaultClassLoader.loadClass(DefaultClassLoader.java:107)
	at java.lang.ClassLoader.loadClass(ClassLoader.java:357)
	... 15 more

!ENTRY org.eclipse.equinox.ds 4 0 2016-11-04 08:38:00.562
!MESSAGE Could not bind a reference of component carbon.core.dscomponent. The reference is: Reference[name = serverShutdownHandler, interface = org.wso2.carbon.core.ServerShutdownHandler, policy = dynamic, cardinality = 0..n, target = null, bind = addServerShutdownHandler, unbind = removeServerShutdownHandler]

!ENTRY org.eclipse.equinox.ds 4 0 2016-11-04 08:38:00.562
!MESSAGE Could not bind a reference of component carbon.core.dscomponent. The reference is: Reference[name = serverShutdownHandler, interface = org.wso2.carbon.core.ServerShutdownHandler, policy = dynamic, cardinality = 0..n, target = null, bind = addServerShutdownHandler, unbind = removeServerShutdownHandler]

!ENTRY org.eclipse.equinox.ds 4 0 2016-11-04 08:38:00.562
!MESSAGE Could not bind a reference of component carbon.core.dscomponent. The reference is: Reference[name = serverRestartHandler, interface = org.wso2.carbon.core.ServerRestartHandler, policy = dynamic, cardinality = 0..n, target = null, bind = addServerRestartHandler, unbind = removeServerRestartHandler]

!ENTRY org.eclipse.equinox.ds 4 0 2016-11-04 08:38:00.562
!MESSAGE Could not bind a reference of component carbon.core.dscomponent. The reference is: Reference[name = serverRestartHandler, interface = org.wso2.carbon.core.ServerRestartHandler, policy = dynamic, cardinality = 0..n, target = null, bind = addServerRestartHandler, unbind = removeServerRestartHandler]

!ENTRY org.eclipse.equinox.ds 4 0 2016-11-04 08:38:00.562
!MESSAGE Could not bind a reference of component carbon.core.dscomponent. The reference is: Reference[name = serverStartupHandler, interface = org.wso2.carbon.core.ServerStartupHandler, policy = dynamic, cardinality = 0..n, target = null, bind = addServerStartupHandler, unbind = removeServerStartupHandler]

!ENTRY org.eclipse.equinox.ds 4 0 2016-11-04 08:38:00.562
!MESSAGE Could not bind a reference of component carbon.core.dscomponent. The reference is: Reference[name = serverStartupHandler, interface = org.wso2.carbon.core.ServerStartupHandler, policy = dynamic, cardinality = 0..n, target = null, bind = addServerStartupHandler, unbind = removeServerStartupHandler]

!ENTRY org.eclipse.equinox.ds 4 0 2016-11-04 08:38:00.563
!MESSAGE Could not bind a reference of component carbon.core.dscomponent. The reference is: Reference[name = coordinatedActivity, interface = org.wso2.carbon.core.clustering.api.CoordinatedActivity, policy = dynamic, cardinality = 0..n, target = null, bind = addCoordinatedActivity, unbind = removeCoordinatedActivity]

!ENTRY org.eclipse.equinox.ds 4 0 2016-11-04 08:38:00.563
!MESSAGE Could not bind a reference of component carbon.core.dscomponent. The reference is: Reference[name = coordinatedActivity, interface = org.wso2.carbon.core.clustering.api.CoordinatedActivity, policy = dynamic, cardinality = 0..n, target = null, bind = addCoordinatedActivity, unbind = removeCoordinatedActivity]

!ENTRY org.eclipse.equinox.ds 4 0 2016-11-04 08:38:16.203
!MESSAGE Could not bind a reference of component analytics.component. The reference is: Reference[name = analytics.aggregates, interface = org.wso2.carbon.analytics.dataservice.core.indexing.aggregates.AggregateFunction, policy = dynamic, cardinality = 0..n, target = null, bind = addAggregateFunction, unbind = removeAggregateFunctions]

!ENTRY org.eclipse.equinox.ds 4 0 2016-11-04 08:38:16.203
!MESSAGE Could not bind a reference of component analytics.component. The reference is: Reference[name = analytics.aggregates, interface = org.wso2.carbon.analytics.dataservice.core.indexing.aggregates.AggregateFunction, policy = dynamic, cardinality = 0..n, target = null, bind = addAggregateFunction, unbind = removeAggregateFunctions]

!ENTRY org.eclipse.equinox.ds 4 0 2016-11-04 08:38:16.908
!MESSAGE Could not bind a reference of component analytics.core. The reference is: Reference[name = carbon.udf, interface = org.wso2.carbon.analytics.spark.core.udf.CarbonUDF, policy = dynamic, cardinality = 0..n, target = null, bind = addCarbonUDF, unbind = removeCarbonUDFs]

!ENTRY org.eclipse.equinox.ds 4 0 2016-11-04 08:38:16.908
!MESSAGE Could not bind a reference of component analytics.core. The reference is: Reference[name = carbon.udf, interface = org.wso2.carbon.analytics.spark.core.udf.CarbonUDF, policy = dynamic, cardinality = 0..n, target = null, bind = addCarbonUDF, unbind = removeCarbonUDFs]

!ENTRY org.eclipse.equinox.ds 4 0 2016-11-04 08:38:16.908
!MESSAGE Could not bind a reference of component analytics.core. The reference is: Reference[name = carbon.udaf, interface = org.wso2.carbon.analytics.spark.core.udf.CarbonUDAF, policy = dynamic, cardinality = 0..n, target = null, bind = addCarbonUDAF, unbind = removeCarbonUDAF]

!ENTRY org.eclipse.equinox.ds 4 0 2016-11-04 08:38:16.908
!MESSAGE Could not bind a reference of component analytics.core. The reference is: Reference[name = carbon.udaf, interface = org.wso2.carbon.analytics.spark.core.udf.CarbonUDAF, policy = dynamic, cardinality = 0..n, target = null, bind = addCarbonUDAF, unbind = removeCarbonUDAF]

!ENTRY org.eclipse.equinox.ds 4 0 2016-11-04 08:38:19.044
!MESSAGE Could not bind a reference of component analytics.admin. The reference is: Reference[name = hazelcast.instance.service, interface = com.hazelcast.core.HazelcastInstance, policy = dynamic, cardinality = 0..1, target = null, bind = setHazelcastInstance, unbind = unsetHazelcastInstance]

!ENTRY org.eclipse.equinox.ds 4 0 2016-11-04 08:38:19.044
!MESSAGE Could not bind a reference of component analytics.admin. The reference is: Reference[name = hazelcast.instance.service, interface = com.hazelcast.core.HazelcastInstance, policy = dynamic, cardinality = 0..1, target = null, bind = setHazelcastInstance, unbind = unsetHazelcastInstance]

!ENTRY org.eclipse.equinox.ds 4 0 2016-11-04 08:38:19.567
!MESSAGE Could not bind a reference of component analytics.thrift.component. The reference is: Reference[name = hazelcast.instance.service, interface = com.hazelcast.core.HazelcastInstance, policy = dynamic, cardinality = 0..1, target = null, bind = setHazelcastInstance, unbind = unsetHazelcastInstance]

!ENTRY org.eclipse.equinox.ds 4 0 2016-11-04 08:38:19.567
!MESSAGE Could not bind a reference of component analytics.thrift.component. The reference is: Reference[name = hazelcast.instance.service, interface = com.hazelcast.core.HazelcastInstance, policy = dynamic, cardinality = 0..1, target = null, bind = setHazelcastInstance, unbind = unsetHazelcastInstance]

!ENTRY org.eclipse.equinox.ds 4 0 2016-11-04 08:38:19.786
!MESSAGE Could not bind a reference of component org.wso2.carbon.tenant.mgt. The reference is: Reference[name = default.tenant.billing.service, interface = org.wso2.carbon.stratos.common.TenantBillingService, policy = dynamic, cardinality = 0..1, target = null, bind = setTenantBillingService, unbind = unsetTenantBillingService]

!ENTRY org.eclipse.equinox.ds 4 0 2016-11-04 08:38:19.787
!MESSAGE Could not bind a reference of component org.wso2.carbon.tenant.mgt. The reference is: Reference[name = default.tenant.billing.service, interface = org.wso2.carbon.stratos.common.TenantBillingService, policy = dynamic, cardinality = 0..1, target = null, bind = setTenantBillingService, unbind = unsetTenantBillingService]

!ENTRY org.eclipse.equinox.ds 4 0 2016-11-04 08:38:19.946
!MESSAGE Could not bind a reference of component core.ui.dscomponent. The reference is: Reference[name = ui.authentication.extender, interface = org.wso2.carbon.ui.UIAuthenticationExtender, policy = dynamic, cardinality = 0..1, target = null, bind = setUIAuthenticationExtender, unbind = unsetUIAuthenticationExtender]

!ENTRY org.eclipse.equinox.ds 4 0 2016-11-04 08:38:19.946
!MESSAGE Could not bind a reference of component core.ui.dscomponent. The reference is: Reference[name = ui.authentication.extender, interface = org.wso2.carbon.ui.UIAuthenticationExtender, policy = dynamic, cardinality = 0..1, target = null, bind = setUIAuthenticationExtender, unbind = unsetUIAuthenticationExtender]

!ENTRY org.eclipse.equinox.ds 4 0 2016-11-04 08:38:20.203
!MESSAGE Could not bind a reference of component org.wso2.carbon.registry.resource. The reference is: Reference[name = registry.notification.service, interface = org.wso2.carbon.registry.common.eventing.NotificationService, policy = dynamic, cardinality = 0..1, target = null, bind = setRegistryNotificationService, unbind = unsetRegistryNotificationService]

!ENTRY org.eclipse.equinox.ds 4 0 2016-11-04 08:38:20.203
!MESSAGE Could not bind a reference of component org.wso2.carbon.registry.resource. The reference is: Reference[name = registry.notification.service, interface = org.wso2.carbon.registry.common.eventing.NotificationService, policy = dynamic, cardinality = 0..1, target = null, bind = setRegistryNotificationService, unbind = unsetRegistryNotificationService]

!ENTRY org.eclipse.equinox.ds 4 0 2016-11-04 08:38:20.204
!MESSAGE Could not bind a reference of component org.wso2.carbon.registry.resource. The reference is: Reference[name = registry.download.service, interface = org.wso2.carbon.registry.resource.download.DownloadManagerService, policy = dynamic, cardinality = 0..1, target = null, bind = setDownloadManagerService, unbind = unsetDownloadManagerService]

!ENTRY org.eclipse.equinox.ds 4 0 2016-11-04 08:38:20.204
!MESSAGE Could not bind a reference of component org.wso2.carbon.registry.resource. The reference is: Reference[name = registry.download.service, interface = org.wso2.carbon.registry.resource.download.DownloadManagerService, policy = dynamic, cardinality = 0..1, target = null, bind = setDownloadManagerService, unbind = unsetDownloadManagerService]

!ENTRY org.eclipse.equinox.ds 4 0 2016-11-04 08:38:20.208
!MESSAGE Could not bind a reference of component org.wso2.carbon.registry.servlet. The reference is: Reference[name = registry.uddi, interface = org.wso2.carbon.registry.core.servlet.UDDIServlet, policy = dynamic, cardinality = 0..1, target = null, bind = setJUDDIRegistryServlet, unbind = unsetJUDDIRegistryServlet]

!ENTRY org.eclipse.equinox.ds 4 0 2016-11-04 08:38:20.208
!MESSAGE Could not bind a reference of component org.wso2.carbon.registry.servlet. The reference is: Reference[name = registry.uddi, interface = org.wso2.carbon.registry.core.servlet.UDDIServlet, policy = dynamic, cardinality = 0..1, target = null, bind = setJUDDIRegistryServlet, unbind = unsetJUDDIRegistryServlet]

!ENTRY org.eclipse.equinox.ds 4 0 2016-11-04 08:38:20.350
!MESSAGE Could not bind a reference of component org.wso2.carbon.webapp.mgt.internal.UrlMapperServiceComponent. The reference is: Reference[name = url.mapper.service, interface = org.wso2.carbon.url.mapper.HotUpdateService, policy = dynamic, cardinality = 0..1, target = null, bind = setHotUpdateService, unbind = unsetHotUpdateService]

!ENTRY org.eclipse.equinox.ds 4 0 2016-11-04 08:38:20.350
!MESSAGE Could not bind a reference of component org.wso2.carbon.webapp.mgt.internal.UrlMapperServiceComponent. The reference is: Reference[name = url.mapper.service, interface = org.wso2.carbon.url.mapper.HotUpdateService, policy = dynamic, cardinality = 0..1, target = null, bind = setHotUpdateService, unbind = unsetHotUpdateService]
